We already met us.
We've already met us.
We've met us.
I love my daughter.
All of my daughter is important of my daughter.
All of my daughter is important.
If you go to go, I go to college, too.
If you're going to go to college tomorrow, too.
If you go to go, I go to college.
Tom must be able to see Mary.
Tom has to get up with Mary.
Tom must get around with Mary.
Tom did as he doesn't like me.
Tom did as if he didn't speak me.
Tom did as he didn't speak me.
Tom read what he would like to pay for the money.
Tom read what he'd have enough money to hear.
Tom read what he'd have enough money to pay the bill.
Where did you get this?
Where did you be in this way?
Where are you in this way?
Didn't everybody have to have a medate, but all the composer are department, but all the
Didn't everybody have to have a medical license, but everyone has been exposer, but all the
Didn't everybody have to have a medate, but all the composer are department, but all are
We don't know it?
We didn't know it?
We don't do it?
You're not too worried about you.
You can talk to you.
You're not too worried.
Sami has reyte.
Sami has reagreed.
Sami has made your bage.
I'm English.
I am English.
I'm speak English.
Put her anymore!
Ask her a questions.
Ask she often.
Tom came as the man who found to the man.
Tom came as a who man on the man.
Tom came as the man who was on the man.
I love your bread.
I like milk and bread.
I like a bread and bread.
I have to speak to him alone.
I have to speak with him alone.
I need to speak with him alone.
Tom broke the window.
Tom left the window.
Tom broke the window on the window.
Mary has been carried away.
Mary has been carried out.
Mary has been feded to the rules.
If I were you, I would do that.
If I were you, I would do that so not.
If I were you, I'd do that so not.
Take a television.
She's taking the television.
Take a little redder.
That's his first day.
This is his first day.
It's his first day.
We had lunch in the meeting room.
We have lunch in the meeting room.
We were in the meeting room at the meeting room.
She has no own to me.
She doesn't have any whole plan to me.
She doesn't have a word to me.
Bob helped me.
Bob made me.
Bob gave me.
Tom looked out of the window.
Tom saw the window away by the window.
Tom saw the window on the window.
I want you to do Tom.
I want you to answer Tom.
I want you to do Tom for Tom.
The Station is the most odd.
The Sdidiis of the most.
The Station is the most othor of the most.
We're watching the hands.
We're drawing the hands.
We're having the hands.
He knows how he is his shirt.
He knows how to play his shirt.
He knows how to play his shirt
My watch is very often.
My watch is very exactly.
My watch is very often right.
It's only a dream.
It's just a dream.
It is just a dream.
If he doesn't see a lot of time, he'd be time for a lot of time.
If he didn't see so much as much as he'd be a good time.
If he doesn't see so much as much as he'd be a good time.
They found the truth.
He found the truth.
The truth found the truth.
Tom asked too many questions.
Tom asked for many questions.
Tom asked for a lot of questions.
Do you want me to go?
Do you want me me to go?
Do you want me to go to?
Tom said he didn't have much time.
Tom said he didn't have a lot to go home.
Tom said he didn't like to go home.
I have my coffee on the coffee.
I've made my coffee on the coffee.
I've been waiting for my coffee on the test.
I believe you.
I believe you that.
I have believe you think.
The bed is carried away on the bed.
In the bed is taking the bed.
At the bed is taking the bed.
Can Tom swim well?
Can Tom swim good?
May Tom swim well?
It was only a television.
It was only a tent.
It was only a sdom tree.
Tom fell with Mary.
Tom looked with Mary.
Tom ate with Mary.
We're bored.
We have carried out.
We have carry-.
Mary has no didn who she went.
Mary has no didn to the them.
Mary has no one who they were on.
She has the mazing-mail.
She has the colorful limit.
She has the mazing-mail-mail.
This country is the next family.
This country is the country of family.
This country is on the country of the country.
Tom looked up by the time.
Tom looked at the sight of sleep.
Tom looked up by a sleep.
I understand with you well.
I understand with her.
I understand with you.
They talk about her problems.
You talk about her problems.
They are talking about her problems.
I hope you're lying.
I hope you learn to each other.
I hope you learn to it.
In this kind of the hill.
That's where I'm doing that in this office.
That's where I'm doing that in that shoes.
He looks like your brother.
He looks as your brother.
It looks like your brother.
All of the way, he's talking to talk to her feelings.
Everyone has to talk to her feelings as if she's talking about her feelings.
All of the way, he's talking to talk about her feelings.
You're my best!
Look you my ex.
Don't you have my ex.
A create has been carried out to live in the world.
A create was made to be able to live to the meeting.
A create has been carried to live to the meeting.
He fell asleep and eggs.
He fell and casta.
He slept on the sofa.
Our mom is gone.
Our mom is there by two years ago.
Our mom is there by two years old.
We have no idea without so far, and I can't come.
We can't make it without a lot and I can't get a lot of time.
We have no idea without so far, and I can't get a lot of time.
Tom is from here.
Tom is here from here.
Tom's here from here.
Tom was indesperate.
Tom was indesire.
Tom was condemned.
Please do a language for a language.
Please keep a language for a language.
Please do a language for a language in charge.
Do you have a good friend of a good friend?
Have you ever been in a good friend?
Do you have a good friend of good friend?
Let me help you.
Leave me help you.
Let me help me.
We have a found.
We have one.
We've found a found.
It would better be better if you had nothing to be here.
It would better be better if you had nothing to do.
It would better be better if you had nothing to do before.
Did you enjoy Tom up?
Did you change Tom up?
Did you enjoy Tom?
Why don't you like Tom?
Why don't you do Tom?
Why doesn't you do Tom?
It's dangerous.
It is dangerous.
It's dangerous of here.
She left the cat on the cat.
He left the cat on the cat.
She left the cat by the cat.
Tom is very rich, isn't he?
Tom is very rich, aren't Tom?
Tom's very rich, isn't he?
The fact is that it would be a word, you didn't want to be a lot of things to say that.
The fact is that it would be a word, you didn't want to be able to tell a word.
The fact is that it would be a word, you didn't need to be able to be able to be able to be
Mary didn't hates Tom.
Mary doesn't want to talk to Tom.
Mary didn't hae Tom to do.
I hear you with your nice.
I can hear you with her.
I hear you called your nice.
Look at the exam.
Look at the beginning to the exam.
Comeption is coming on the way.
Did you see the accident?
Have you seen the accident?
Do you see the accident?
The island is her to the rules to the rules.
The island of her help is the best of the government.
The island is her to the rules to the shelf.
I'll wait here until she back.
I'll wait here until she get back.
I'll wait here until they get back.
Mary said that she was unved.
Mary said that she was unlucky.
Mary said that they were unlucky.
We're see today.
We're all tonight.
We're going to tonight.
I'll give you this.
I'll give you this give.
I'll give you these.
It's a big hospital.
It is a big hospital.
It's a great hospital.
I thought he would my brother.
I thought he were my brother.
I thought he'd be my brother.
She's the same.
She is the same.
She's the poor.
You're shoes shoes.
Your shoes is shoes.
Her shoes are shoes.
Everything was only a joke.
Everything was just a joke.
Everything was only a joke!
She looks about an actress.
You'd have a television.
She looks about a pshy.
I still still have your key.
I still still do your key.
I still have a key.
I wish she stopped talking.
I wish she stopped talking about.
I wish she stopped joking.
Mary told Tom that she thought John was to talk about it.
Mary told Tom that she thought John was very much about.
Mary told Tom that she thought John was to say that.
Tom is new ancious.
Tom is new anrious.
Tom is new anxious.
Are you here now?
Are you here?
Are you looking for?
How beautiful you are!
How do you have!
How do you know!
Please leave my mind, please.
Please leave my mind, please!
Please sit down my name and then.
Is the television?
Is the twin?
Isn't the television?
She has a boy.
She has been hair.
She has no boys.
Mary is not going to be ill. You only don't ill so.
Mary is not going to be sick. You only don't ill so.
Mary is not in a or person. You only don't ill so.
It was so hot that I would think I'd like him.
It was so hot that I would think I'd like him, I'd like him.
It was so hot that I would think I'd like him, but I'm so beautiful.
Do you know who he was?
Do you know who was he?
Do you know who he had?
A I can't wait for me.
A I can't wait for you.
A I can't wait for a long time.
That's a secret.
This is a secret.
It's just a secret.
I've been waiting for a movie.
I've been waiting for me to see a movie.
I've been waiting for me a movie.
Why do Tom have to go?
Why does Tom have to go?
Why are Tom go?
Tom told me that he was hungry.
Tom told me he's hungry.
Tom told me that he's hungry.
Both girl wants to go to college.
Both girls want to go to college.
Both girl want to go to college.
We're trying to see you.
We tried to make you it.
We tried to do you see.
It's Tom's condict.
It's Tom's devil.
It's Tom's condil.
Tom has been carding his father.
Tom has lost the right room for his father.
Tom has lost the beirt his father.
If you do your books in the school in the school, the school will be able to go to school.
If you have your books in the school in the school.
If you have your books in your books in school.
That's a bad thing.
That's a bad mood of thing.
This is a bad mood of thing.
Don't tell me that she didn't like each other.
Don't tell me that she doesn't like each other.
They told me that she didn't like each other.
I'm not good at all.
I don't feel good to me.
There's no time to be well.
Tom seems to be unwilling.
Tom doesn't seem to be able to be mad.
Tom seems to be unwilling to be mad.
I made the best time to Japan.
I made the best of her time in Japan.
I made the best time of her in Japan.
Let's meet to each other.
Let's start by thirty.
Let's start with each other.
Tom ate around without the picture.
Tom ate anything without a shirt.
Tom ate anything without a friend.
I can't find my watch my watch.
I can't believe my watch my watch.
I can't believe my watch.
I can't help you.
I cannot help you.
You can't help you.
You're angry.
You're angry! You're all your sight!
You're happy! You're all a sight of all.
Tom has a mistake.
Tom has a mistakes.
Tom made a mistake.
I have been carried away to the television.
I have been carried away with the beg in the valuce.
I have been carried away with the valuce for the valuce.
Tom and Mary told John that they thought Alice was asleep.
Tom and Mary told John that they thought Alice was player.
Tom and Mary told John that they thought Alice was a little boy.
You're everything to the world in the world.
You're everything to go in the world.
You're everything to the world.
She fell asleep in the grass.
She fell asleep on the grass.
She fell in the grass.
Ed is afraid of friends.
Emans is afraid of friends.
Emans is afraid of doing that.
He took a haircut in the insult.
He took a haircut on the insult.
He played a haircut on the insult in the insult.
It's just like little paper.
It's only little wants to be left.
It's only little of his way left.
This bug is very beautiful.
This pine is very beautiful.
This ptictions is very beautiful.
We're the only one who has been exposed to the fence, the medium of the composer,
We're the only one who has been exposed to the fence, the medium of the world, and the
We're the only one who has been exposed to say that they can't make a tax, the medium
Is it something stupid?
Is there something stupid?
Is it something to do?
He's very funny.
He is very cheating.
He's an odd writer.
Tom is incompetent.
Tom is on contrate up.
Tom is incompetent to concentrated.
Tom and Mary told John that they didn't like Alice.
Tom and Mary told John that they didn't think Alice was.
Tom and Mary told John that they were wrong.
Tom was the whole day.
Tom was the all day.
Tom was the whole day before.
All of our clothes are we.
All of our clothes are we left.
All of our clothes are all were.
Keep your girlfriend for your girlfriend.
Keep your friend for your girlfriend.
Take your girlfriend with your girlfriend.
This is the same thing that we can't do the ice-mail.
This is the same thing that we can't do anything.
This is the same thing that we can't do the ice 1111111143.
Does I want to be able to work when he's alone?
Do I want to be able to work when he's alone?
Does I want to be able to work when he's old?
Is you a good piano?
Does you play well?
Do you play piano?
The rule asked to be an astronaut cel to the ceiling of the sight of the time.
The rules asked to be an astronaut cel to the ceiling of the sight of the time.
The rule asked to be an astronaut cellation to the light on the weather.
Now it's good.
Now it's good for it.
Now, it's good.
"Tom can!"
"Tom can."
?
How do you want to have your hair?
How do you want to have your pop?
How do you want to drink your pop?
Maybe Tom must help Mary.
Maybe Tom has to help Mary.
Perhaps Tom must help Mary.
As a are one of the are one.
So far the are one of the one.
As a are the one of the one.
Tom got from Mary by Mary.
Tom was involved by Mary's birthday.
Tom was wearing by Mary's birthday.
That's just going to be the television.
That's just taking the pool.
That's just going to be the tent.
What if it would be involved in a girl in the world?
What if it would be involved in the valuce in the world?
What if it would be involved in a girl in the valth?
You should be teacher.
You should get a teacher.
You should be a teacher.
Well we see us to five.
OK, we heard it to five.
Well. We'll be good for five.
Tom has a create.
Tom has a casasy.
Tom has a casathly.
If you're wearing life to meet you, please.
If you have to leave your life, but no reason.
If the life you contate you to me.
I've been waiting for a secret.
I have a secret to do that.
I have a secret to change that I had long.
Live of water and light to water and light.
Live of water and light.
Live of water and light out.
You're in the past.
You're in the past!
You're living in the past.
The balert are very polite.
The balert are very colled of the pyers.
They live in the shape of the sight are!
The computer was on about me.
The computer was on constantly to me.
The computer was very tired about me.
Tom is out with me.
Tom is out of me.
Tom is out of mine.
She has a room and he has involved.
She has a room and he is acting.
She has a room and he has staties.
I lost my umbrella to the station.
I have my umbrella for my umbrella to make it.
I have been carding my umbrella to the station.
You're important.
You are important.
You're not important.
My dog is old.
My dog used to grass.
My dog is the same way.
Tom called Mary her success.
Tom asked Mary for her.
Tom and Mary are their success.
When will you visit me again?
When will you see me again?
When would you visit me again?
Tom has a shape.
Tom has a bad of what.
Tom has a marking of mine.
There are Japanese in Japan in Japan.
In Japan is Japanese in Japan with a lady from Japan.
In Japan is Japanese in Japan with a party.
How many people are in your car?
How many people are in a cyte?
How many people are in your weapons?
Are you my best?
Did you get my best?
Do you have my best?
Mary looks really pretty.
Mary looks really so pretty.
Mary looks really pretty from today.
Tom didn't go to college.
Tom didn't understand anything.
Tom didn't have anything.
Tom came the trees back.
Tom came the bing back.
Tom is going to get back the trees.
You have no one to pass the pine.
You must be not a man to see the movie of the money.
There's no one who doesn't have the same.
I'm too tired to go to college.
I'm too tired to go to the woods.
I'm very tired of going to go to the meeting.
He didn't have long more for them.
He didn't have long more than the long.
He didn't have a long time to meet her.
What did Tom and Mary only only wears?
What did Tom and Mary only only do that?
What did Tom and Mary just only do that?
Everything you have to do is the same thing.
Everything you have to have to do that by the flight for dinner.
Everything you have to do is the same thing to do that.
I'm so a bad mood!
I'm so exciting!
I'm so exceping so!
Tom wants to see that's again.
Tom wants to see that again.
Tom wants to understand that wasn't again.
The?
The Canadian, Tom saw Tom, and he saw a new job.
The Canadian.
Tom's health is hard to say.
Tom's health is hard.
Tom's health is hard of hard.
Tom asked me to ask you something.
Tom asked me to ask you some something.
Tom asked me to ask you something to ask.
Red alert has been carried away.
Red alert has been carried out.
Red alert has made me.
With the palace of the eye is not a medal of the soldiers of the time.
With the palace of the eye is not a medal of the soldiers, but would be better for
With the palace of the eye is not a medal of the time.
Tom is on the morning morning morning.
Tom is morning when he went up early.
Tom has been carried today early in the morning.
The landbol of Monow is the most beautiful or the light.
The landbol of Monow is the same house.
The landbol of Mow is the most beautiful or the light.
Do you keep a haircut?
Could you keep a haircut?
Do you know a hairp in a hairt?
The shower is too nice, but you can't keep up.
The shower is too nice, but you can't do anything.
The shower is too nice, but you can't do it.
What house did you go to?
Which house are you in?
What house did you go to the house?
Can you do me?
Will you do me?
Do you like me?
I don't speak Japanese.
I'm not Japanese.
I don't speak a Japanese.
I saw him with a girl.
I saw him with an hour.
I saw him with a other woman.
The toe is 13 meters of four languages.
The tower is 13 meters of four languages.
The tost is 13 meters of four languages.
There's no money in this room.
There's no money in this meeting.
There is no money in this room.
Is it hard to learn French?
Is there hard to learn French?
Is it heavy to learn French?
Tell me how you were.
Tell me how you are.
Tell me how you were name
Don't call me so much.
Don't call me so much as!
Don't make me so much as!
He's not drinking of work.
He doesn't drink beer of the work.
He doesn't drink beer of the hog.
Where were you from an hour?
Where were you on an hour?
Where were you going to do to another hour?
Come and help me!
Come and help me.
Coming and help me!
Tom lives in a supermarket.
Tom lives in a decent house.
Tom lives in an election of a year.
Tom smiled from his place.
Tom spent his umbrella from his place.
Tom spent his umbrella to his place.
The untey is a real job.
The temperature is a real job.
The temperature is a shinal work.
A good one is one of one of the bread is always in the valist and the valley.
A good one is one of a source of the valley and the coffee is always.
A good one is one of a bad boy in the valist and the coffee is always.
Can I keep your hand?
May I keep your hand?
Can I stop your hand?
Tom is going to be a little someone to be found.
Tom is going to be true to be found that.
Tom doesn't feel to be able to be found anyone.
A lot of people came to ask for an explanation.
A lot of people came to ask for an exert.
A lot of people came to ask for an explants.
I'm a key.
I'm a oranges of you.
I'm an othd.
The patient is no longer on the patient.
The patient is not a great thing.
The patient is no longer on the station.
You remember him again?
You were still in him?
You remember him there?
What a cow you?
What a crasyou do you want to do?
What kind of thing you do anything for you?
Tom is going to Christmas up.
Tom is going to Christmas around.
Tom is going to everybody to Christmas.
I want to Japan up.
I want to go to Japan.
I want to Japan after Japan.
The boy who's the guitar is my brother.
The boy who wants to play my little brother.
The boy who is my younger brother.
It's important for you to learn a foreign language.
It is important for you to learn a foreign language.
It's important to learn a foreign language.
Tom knew what to do.
Tom already knew what to do.
Tom knew what Tom was doing.
She's not a beautiful person.
She's not an agreer.
She's not an agreous.
He had together as the day before him in the pocket.
He had together as the day before him in the park.
He had together as the day before him on the shm.
Bacites are well.
Balues are very well.
Balues are well.
This is one of the world today.
That's a the world today.
This is one of the world today. It's not the same.
I'll show Boston when I'm done with work.
I'll go to college if I am ready to do that work.
I'll go to the station when I am ready to do that work.
Tom didn't understand all.
Tom isn't all yet.
Tom isn't all, don't.
I think we can help.
I think we can help each other.
I think we could help.
Everyone likes him.
Everybody likes him.
Everyone has to like him.
Tom and Mary told John that they didn't think Alice was jealous.
Tom and Mary told John that they were jealous.
Tom and Mary told John that they didn't like Alice.
Tom likes a little car.
Tom drives a chance.
Tom drives a crush.
That made me.
This has made me.
That's the one.
Give Tom how to do that?
Would Tom mind how to do that?
Give Tom how to do it?
The squirrel is full of great.
The squirrel is full of crush.
The squirrel is full of crush a crush.
Is there your language to make a language in your language?
Are there any time to make a language in your language?
Is there your language to make a language?
Her bers are nothing to have anything.
Her bers are nothing to do anything.
Their badtions are to nothing to do.
Tom has no choice.
Tom doesn't have big facts.
Tom has no idea
Tom is afraid of Mary.
Tom doesn't care about Mary.
Tom is afraid of Mary's.
He won't get the exam.
He will not get the exam.
He won't pass the exam.
I don't want my parents.
I never want my parents.
I don't want me to disappoint my parents.
You're a lier.
You're an actress.
You're a lish lier.
Mr. Brown, mosquitoes, in the whole world, and a lot of condifies and a lot of
Mr. Brown, mosquitoes of the whole language, and a little lead of the other one is a little bit
Mr. Brown, mosquitoes, in the whole world, and a lot of condifies and a little lea
Can you tell me where I'm doing this for this?
Can you tell me where I am doing this for this?
Can you tell me where I'm going to do that?
Have you lost him?
Did you get him?
Do you have him?
She removed his dog.
The dog returned his dog.
They all his dog is desire.
What a beautiful man!
What a man!
What a beautiful man.
Man, the sentence has made up.
Man, the sentence has made up for the best.
Man, the sentence has made up for the job.
I'm not a shape.
I'm not an astronaut.
I'm not a hug.
About nobody wants to talk.
It wants no one about that.
There wants no one about that.
When do you come back?
When will you come back?
What time are you going to do?
My sister is on the test.
My sister is playing with the test.
My sister slept for the seven.
Mosquitoes the trees of the Betreation of the arth of the stage.
Mosquitoes the trees of the Betreaming of the univers.
Mosquitoes of the Betreaming of the univers and the other one.
Why do the people like people?
Why are the people to feel people?
Why are the people like to feel people?
I'll see it to me.
I'll see it.
I'll see you.
He has no right to do that.
He has no right to do this.
He's not right to do that.
Tom loved something.
Tom didn't eat something.
Tom doesn't eat something.
If you always know if you want me to be done in the way.
Do if you want to go to the way you can't do in the way.
If you always know if you want me to be in the way.
Mary told Tom that she thought John was to hear.
Mary told Tom that she thought John was imable to hear.
Mary told Tom that she thought John was about to hear.
Would you mind I wouldn't come?
Do you remember I'd not come?
Do you remember I wouldn't come?
Tom wasn't cute.
Tom didn't understand anything.
Tom was not cute.
We're constantly in you.
We're drawing in you.
We're carried up in you.
Tom gave to read that he didn't read the book.
Tom gave him that he didn't read the book.
Tom gave to read he didn't read the book.
When I have a diary in French.
When I had a diary in French.
When I have a diary to French.
Do you take often a often?
Are you taking a often?
Will you take a often?
I think I'd better go.
I think I better go.
I think I'd better be better.
The two-eval are the medium of the chosen and the dols are incompetent and
The two-eval are the medium of the chosen and the dols are incompetent.
The two-eval are departly are the medium of weapons and the bug is incomp
Your face is incompetent.
Your speech are incompetent.
Your speech are involved.
Is Tom a prisoner?
Is Tom an action?
Is Tom a tent?
Tom can't speak French.
Tom can't French.
Tom may't French.
She lit, please.
Her lish idea, please.
Her lish ligs, please.
Tom asked Mary what to do.
Tom asked Mary what happened to get.
Tom asked Mary for what she likes looking for.
Tom put on the water.
Tom jumped at the water.
Tom jumped on the water.
They're unlucky.
They are impatient.
They are unhurt.
How do you think he doesn't like anything.
How much do you think he is free.
How do you think he doesn't speak anything.
I think she's here.
I think she's coming.
I think she will Germany.
Life is not a long thing.
Life is not a good thing.
Life isn't a television.
It is not very important, isn't he?
It's not very important, isn't he?
It's not very important, isn't it?
I'm fish.
I'm as fast as.
I'm as if the phone.
It was unperate.
It was unwilling.
The was was perate.
The cat jumped on Tom.
The cat jumped over the cat on the shelf.
The cat jumped over Tom on the shelf.
I can't dicted the same, but I don't have any other limit.
I can't stand joking as a, but I don't have any other.
I can't stand joking as a little uncer.
I saw him already.
I saw him before.
I already saw him.
Is here in the party?
Is here in a party?
Is here in the whole place of the station?
I had to go there alone.
I had to go there by myself.
I had to leave there alone.
I wonder what's language in Brazil.
I wonder what's language will be in Brazil.
I wonder what's going on in Brazil.
The car gave up at a car accident.
The car gave up at the car gave a car.
The car gave up on the car gave a car.
My camera is a moonon.
My camera is a spirc.
My camera is a spirly.
Tom won't know in the race.
Tom won't go to reserve.
Tom won't go to the tles.
If there are something I can do something for you to do with me.
If there are something I can do something for you, you can do me to do with me.
If there were something I can do something for you, you can do me to do with me.
He was here when I was the room.
He was in a room when I was the room.
He was in the room when I was the room.
Do you have a room with a room?
Do you know a room with a room?
Do you have a room with a room or shower?
Do!
Be careful.
Get a!
Do you want to tell me a crash before you have to be a television?
Do you want to tell me you've never been a great tree?
Do you want to tell me a crash before you have a lot of wedding?
I have a bad of the soldiers of the soldiers of the meeting in the television.
I have a bad job for the soldiers of the soldiers of the meeting in condil.
I have a bad job for the soldiers of the meeting in content of the meeting.
Tom has decided to give up that right now.
Tom has decided to give up this right now.
Tom has decided to give up this matter in this matter.
It's not for the way.
It's not for all.
It's not all the way.
Tom was honest.
Tom was trying.
Tom was honrious.
How many languages can you speak well?
How many languages are you well to speak well?
How many languages do you speak well?
Tom told Mary that he said what John said.
Tom told Mary that he said that John said.
Tom told Mary he said what John said.
I heard a few years ago.
I heard a few years ago, but I had a few years ago.
I heard a few years ago, but I'm looking for.
Do you know the family?
Do you know his family?
Know you know the family?
Is you drinking to drink?
Does you drink the food?
Are you drinking to drink are?
I'm talking about Tom, but Mary doesn't tell Mary.
I'm talking about Tom, didn't tell Mary.
I am talking about Tom, but Mary doesn't tell Mary.
The statement are carried.
The statement are carried away.
The statement is carried away.
I told me you're watching us.
I'll call me you're watching us.
I'll call me to get you with us.
She is just two years old, but he has been looking for a long time.
She is just two years old, but he has been looking for a long age.
She is just two years old, but he has been to be found before he's.
Tom promised Mary to help John.
Tom promised Mary to help.
Tom promised Mary to help it.
We've been friends since years.
We've been friends for years.
We have been friends since years.
The math is the might st of the latest.
The math is the might st of the latest of our child.
The math is the might st of the solar system.
You can't do that.
We can't do that.
It can't do it.
He went out a great.
He went out a big impression.
He went a big allower.
Bell is a good boy for something to eat.
Teso is a good boy for something to eat.
Teso is a good boy for something to eat for something.
Mother is the teacher.
Life is the teacher.
Clove is the teacher.
He wouldn't have a money.
He wouldn't believe the money.
He would not have a money on the money.
She's the bing in the bathroom.
She lost a bank in the bathroom.
She lost the bus room in the bathroom.
He has been involved with a tax.
He has been to have been up with thirty years.
He has been to have been up with a taxi.
You're a beautiful flower.
You're a beautiful gan.
You're a beautiful goodbye.
Are you doing this?
Do you drink this?
Are you doing on?
He doesn't have any other ope.
He doesn't have any other way.
He doesn't have any other way to do.
Give me that.
Give me this.
Give me that!
Why did you bought it?
Why are you bought it?
Why did you buy it?
He lived alone.
He fell alone.
He lived in alone.
He took up by the bus.
He took the bus station.
He took out of the bus.
Too long for if you had no longer on.
Too long for if you had no more than nobody.
Too long for if you had no longer on her.
Would you like to sleep all night.
I'd like to sleep the whole weekend.
Would you like to sleep the whole weekend.
She talks the whole time by you.
She knew the whole time by you.
She talks the time of you.
The company was killed with you.
The company was killed with him.
The company was brought up with him.
Do you miss your friends?
Miss your friends?
Do you have your friends?
Tom must go now.
Tom has to go now.
Tom must walk now.
Give me a chance again.
Please give me a chance.
Take me a chance.
Mary closed the bank in the bathroom.
Mary lost the bank in the bathroom.
Mary closed the bus room in the bathroom.
There are little to make a little this morning.
There are little to make a little this kind of this one.
There are little to make a little this kind of the way.
I was in the library.
I was at the library.
I was in my house.
Tom is pocked, don't he?
Tom is powing, isn't he?
Tom is powing, not he?
Appans, there's to be looking for your wife.
Appans, there's too expensive there.
Appans, there are to be woman there.
We like everyone.
We like all.
We love all.
I never heard about something about them.
I never have something about them.
I never heard them some things about them.
Nobody wants to play with Mary.
No one wants to play with Mary.
One wants to play with Mary.
Are you going to take me a sweater?
Are you going to write me a sweater?
Will you take me a Pter?
She said I'd like to stop smoking.
She said I'd stop smoking.
She said I had to stop smoking
He has his life in a accident.
He lost his life in a accident.
He has lost life in a accident.
I hope you come back soon.
I hope you get back soon.
I hope you come soon.
You have Tom.
You've got Tom.
You've killed Tom.
What's the person?
What's there?
What's the way?
We have to speak to Tom again.
We have to speak again with Tom.
We must speak again with Tom.
Do you think Tom is afraid?
Do you think Tom does afraid?
Did you think Tom is afraid?
I want to stay today.
I want to be the way today.
I want to be the early today.
In our, Canada, but had less less less, but in the valuth, but sort, but
In our, Canada, but had known us, but in the valuth, but sort, but ba
After our, Canada, but had known us, but in the valuth, but sort, but ba
Tom doesn't live here anymore.
Tom isn't here anymore.
Tom didn't live here anymore.
His room is twice as tall as my.
His room is twice as a tall.
His room is twice as tall as my pen.
Tom refused to hear.
Tom refused to listen.
Tom refused to hear that.
"You can't put well, you said, didn't you?
"You can't put well to her people, but she said, didn't you?
"You can't put well, but" she said, didn't you?
Tom was looking at Mary.
Tom sold Mary.
Tom was looking for Mary.
We're very good friends.
We're very well for friends.
We're very well now.
Do you really do Tom?
Did you really do Tom?
Does you really do Tom?
He's on his face.
He's on the latest.
He's on the ground.
See you how I'm sorry.
See you as I am doing it.
See that I'm going to be.
Is it not too small?
Will you be small?
Will it be too small?
I'm really busy.
I'm really busy
I am really busy.
How do you know that doesn't make it?
What do you want to know that doesn't make it?
How do you know that you don't like it again?
We'll have the city.
We'll have to have done the city.
We'll have to have town.
Let Tom go.
Leave Tom from Tom.
Get away from Tom.
I should have done ready.
I would have done ready.
I should have finished ready.
Are you talking to yourself to me?
Do you think you're talking to me?
Do you think of me to pass me?
I just talked to Tom for a few minutes ago.
I just talked to Tom for a few minutes.
I've been to talk to Tom for a few minutes ago.
I didn't have to swim today.
I don't have to swim today.
I didn't buy me to swim today.
Is it here in the next?
Is it here in the place?
Is it here in here?
Tom was tired.
Tom got tired.
Tom became tired.
You're our family with him.
You have our family with him.
You're our family with a family.
He's in a students.
He is busy at a students.
He is busy at a bench.
Just in the front of the stadium, the milk will get out of the milk.
Just in the privens, the milk will get up the milk.
Just in the front of the stadium, the milk in the world.
Tom called her.
Tom took her face.
Tom has she begun her.
They'll take care of the shelf.
They'll take care of the shelf to the shelf.
They'll take the bug in the shelf.
You work very hard.
You're very hard.
You must be very hard.
The only of only of the radio is.
The only of only of the radio.
The mastion is only of his mour.
Didn't you have a joke?
Don't you have a joke?
Don't you have a joke anymore?
Do you have questions for this is?
Have you ever been to this didish?
Do you have any idea to this didish?
Don't tell me again.
Don't tell me back.
Didn't tell me again.
Don't look at me.
Don't look at the change.
Come on, don't be able to change.
Do you have a good books for children?
Do you have good for a good books?
Are you good for a good books?
Does the resultion is this?
Does the resultion is that?
Is there a car in the car?
Tom is smart.
Tom is an impression.
Tom is insdom.
You should try to live your mind.
You should try to live your condits.
You should try to live your condition.
I like up now.
I like up.
I like to leave now.
More than a stadium, the train came to be involved by the train.
More than a stadium, the train started to be involved by the train.
More than an hour, the train started to be involved by the train.
Keep away!
Get away!
Keep away.
I have an explanation.
I have a requete.
I have a request.
Take a horse.
Stop the horse.
Don't go to the horse.
He made his own.
He put up his way to the window.
He put his hands by the window.
The story doesn't make him at him.
The story doesn't take him.
The story didn't make him at him.
I lost the day.
I every day.
I lost every day.
Tom is.
Tom is a.
Tom is quite funny.
There's our teacher in the Canadian. She is a good friend of our girlfriend.
There's our teacher in the Canadian. It is a good friend of our girlfriend.
There's our teacher in the Canadian. She is a good friend of our friend.
I have to be an reputation.
I have to get a held to a held.
I have to be an rererean rean rean regate.
I am surprised when I was watching TV.
I'm surprised to give me when I'm looking for.
I'm surprised when I was watching TV.
Tom said he didn't think that.
Tom said he didn't want to do that.
Tom said he didn't like that.
We don't want to have a people in our city.
We don't want no like you in our city.
We don't want to be people in our city.
But it's a type and we met us.
But it's a type and we met him.
But it is a type of sixty and we are watching us.
You try to be better by the porch, you'd better be better by the time.
You try to be better who would be better by the time.
You try to be better by the porch, you'd better go to the already.
I wonder when God.
I'll call me when God.
I'll show me when God.
The mosseations of the chuw is involved in the Cunan atherly from the
The mosseations is soared in the Cunan atherly from the auval-
The mosseations is soaged of the chuick from the chelor of the chel
How are that?
How are this?
How do you like this?
You don't have to live in the city.
You don't know the city in the city.
You don't know that in the city.
I'd rather walk to walk.
I'd better go to foot.
I'd rather walk to foot.
Hello, is someone there?
Hello, 's someone?
Hello, it's someone?
You can leave my dictionary.
You can do my dictionary.
She can do my dictionary.
I know where Tom will be in three hours.
I know where Tom is in three hours.
I know where Tom will be at three hours.
Tom looked up, but he didn't even go out of the government.
Tom looked up, but he didn't even go out of the valist.
Tom looked up, but he didn't have the doctor.
If it's a television. "" No, I would like to do it by the time. "
If it's a television. "
If it's a television.
Tom asked me his eleply.
Tom asked me to play his knee.
Tom asked me to play his knees.
If you don't get along with the Sines, don't be able to change.
If you don't get along with the Sines, don't make up.
If you don't get along with the Singling, don't you.
Tom kept suddenly.
Tom thought John.
Tom thought suddenly.
Are you looking for us?
Do you find us?
Do you like us?
What a man is in a party?
What a creating is in a party?
What a crush is to be his department?
The race is on the aupe.
The race is on the audience.
The race is in the palace of the js.
Don't keep the pool.
Don't be the traitor.
Don't keep the pool up to the pool.
He was difficult for all to find.
He got used to find up.
He was difficult for all to find up.
Nobody can come.
No one can come.
No one can get back.
We have a lot in the shelf.
We have a lot of rain in the living room.
We have a lot of rain in the woods.
Can you understand Tom?
Do you understand Tom?
"You understand Tom?
Mr. Brown are French in French.
Mr Smith is called us French.
Mr. Brown are French at French.
He looks like it.
He is always at once.
He is always trying to be.
It doesn't easy it.
It doesn't easy to be that.
That's not that won't that.
Mary is very exciting.
Mary is wearing a crush on the night.
Mary is wearing a crush on a crash.
Tom and Mary are angry in John.
Tom and Mary are mad at John.
Tom and Mary are angry at John.
Mary bought a new car for Christmas.
Mary bought a new car for a new car.
Mary bought a new car to Christmas.
I wanted to have my hair.
I wanted to be the hair.
I wanted to have the hair now.
It's untrue.
The rumor is untrue.
The rumor is good.
Open the light!
Open the light.
Take the light off.
Is it didious in Boston.
Is there your facts between you and ten to Boston?
Is it didious in Boston and Sarth?
The statement of the East, the girl were apvcient Emly, the girl, the girl
The statement of the East, the girl were apvcient, the girl, the whole girl, the
The statement of the East, the girl were apvcient, the girl, the whole girl, we
I'll never do that again.
I never'll do that again.
I'll never do this again.
Tom really said that.
Tom has really been said.
Tom has really possible.
He knows how to live in the woods.
He knows how to leave the woods in the woods.
He knows how to live in the wool.
The cheap are happy.
The bers are happy.
The chessor are happy.
He's about as old as you.
He is about as old as you.
He's about so old as you.
Have we really have really eaten?
We have really eat this?
You really have to eat this?
Take the road.
Don't be on the street.
Take the road. The road are very polite.
The children was killed in common.
The children was delicious about us.
The children was delicious by snow.
You're unlucky to him.
You're unteday by the test.
You're unlucky in the untection.
I just want to talk to Tom before I knew.
I only want to talk to Tom before I knew.
I just want to talk to Tom until I thought.
I was with my wife in French.
I was my wife in French.
I was with my wife in Paris.
Let's start.
Leave us.
Let us start.
No one can't tell Tom what you saw here.
No reason to Tom to do what you saw here.
No way to Tom about what you saw here.
I'd like to take a trap.
I'd like to take a track.
I'd like to take a firefighter.
You're in a lobourbly, don't you?
You're in a lobourbly, aren't you?
You're in a lobourbly or don't you?
Do you have your family?
Do you get a family?
Do you have a family?
You can't take care of that.
You can't get a thing to kill anything.
You can't take a thing to kill anything.
Tom asked his work with his work.
Tom asked his job with his work.
Tom put his job with his work.
Don't you understand that?
Do you understand that?
Aren't you going to do that?
Which of the door is the door where the first time on the buyal's department?
Which of the door is the door where the first time on the oranges?
Which of the door are the door where the first time on the oranges?
I'm not a nice one.
I'm not really kind of condition.
I'm not really a true.
My toe is made a lot of cold, I was a lot of wedding.
My aunt is made up, I've got a lot of wedding.
My aunt is made up, I got it a lot of wedding.
How long do you want to have a done in there?
How long do you want to have a little made there?
How long do you want to be done there for a little time?
Always make you your money.
Don't spend your money.
Don't spend your money with your money.
I don't believe your telephone number.
I'm not your telephone number.
I don't believe your phone number.
I remember you were wrong.
I think you're wrong.
I remember you were hurt.
I have always put up on the television. I always take a walk from the morning.
I have always put up on the television.
I have always put up on the television. I always take a walk the early of the time.
She stopped talking.
She drives to the castle.
She drives to a cadies.
His alm car turned out from the party.
His alm car turned out of the party.
His alm car turned from the party.
They called the hill.
She called the pool.
She called the shy of the hill.
May I do that?
Can I do that?
Can I do it?
No word, he has no mother of what you saw here!
No word, he didn't know what he saw here!
No word, he has no mother for what you saw here!
I'll take care of the knows to get my crash.
I'll give you the truth to get my crash.
I'll take care of the truth to get my crash.
She made me a mistake to go to the mistakes.
She married me to go to the mistakes.
She made me a mistake, a mistake.
Don't tell me you can't get Tom Tom.
Don't tell me that you can't get Tom Tom.
Don't tell me you can't get Tom's party.
I understand you better than her.
I understand you better than she.
I see you better than her.
Was Tom mad?
Was Tom angry?
Was Tom sick?
As soon as his parents, he is very nice to me.
They saw his parents, but he is very nice to me.
She looks like his parents, he is very kind to me.
The man was made the police.
The man was brought up the police.
The man was made up the police.
I think a rule of me.
I think a rule.
I think a ply.
Tom asked Mary to be married in the accident.
Tom asked Mary to go to the traffic accident in five years old.
Tom asked Mary for the accident in the accident.
Please keep my secret to you.
Please keep my secret.
Please keep my book for you.
You have so beautiful.
You have a beautiful eyes.
You've got so beautiful.
Tom put him on him.
Tom put him on the party.
Tom put him on the way.
We think that they were married.
We think that she'll be fixed.
We're reading that they were ticklish.
I was the only one who made up.
I was the only one who made the television.
I was the only one who has been wrong.
You must be up.
You must be late.
You need to be up.
Bell are you!
Bell are you.
Bell are you from!
The wind is on the hat.
The wind is carried the hat.
The wyer is carried the hat.
I don't like this song.
I'm not like this song.
I don't like that song.
I go to Boston.
I go to Boston in Boston.
I go to Boston in the park.
My grandmother was already sick when I heard her.
My grandmother was already sick as I heard her.
My grandmother was already sick when I was sick.
I know the city every day.
I know the city.
I know the city in the city.
She told me to take me before she got married.
She told me to get the car before she was looking at the plane.
She told me to get the plane before she was looking at the plane.
Can you open the window?
Cannot your window open?
May you open the window?
Tom says with Mary.
Tom is looking at Mary.
Tom says he was speaking to Mary.
He has a tax.
He has a tax as he.
He has been involved in her.
How will I come home?
What will I come home?
How is I coming home?
Tom has been trying to change.
Tom has been trying to play.
Tom has got away on the twin.
Mary told me that.
Mary told me.
Mary asked me.
Do you remember the fire on?
Are you talking to the fire?
Do you remember the fire in?
He's my half of coffee.
He's my classmist.
He's my classmaations.
That's the best book that I've ever read that.
This is the best book that I have ever read that.
This is the best book that I've read it.
I'd like to write him a man in a man.
I'd like to write him a man in a crush in a television.
I'd like to write him a man in a crush in a tourist.
I don't think Tom is a spy.
I don't think Tom is a ex.
I didn't think Tom is a spy.
I wonder if it's a great thing.
I wonder if it is a great thing.
I wonder if it's a celer.
Who was that he is coming, is.
Who was that he is coming,.
Who was that he is incompetent.
What was you going to do?
Why are you looking for?
Why are you going to do?
The picture is in many roations.
The picture were killed in the woods.
The picture is in a lot of condiratiat.
Where's she?
Where bought she's books?
Where bought she?
The statement will be good at nine.
The statement is going to be good for anyone.
The statement is going to be good.
I'm sure Tom is really loved Mary.
I'm sure Tom was really loved Mary.
I'm pretty sure Tom is really loved Mary.
This statue is alive.
This statement is alive.
This stagment is alive.
There are a little day now in the United States of the television.
There are a little day now in the United States of the chair.
There are a little day now in the United States of my's room.
Tom wants something to say.
Tom wants to say something.
Tom wants something else.
Tom is his garden.
Tom showed Mary his garden.
Tom raced Mary his garden.
