We already met us.
We've already met us.
We've met us.
All of my daughter is important of my daughter.
All of my daughter is a daughter.
All of my daughter is my daughter.
If you go to go, I go to college, too.
If you leave tomorrow, I go to college, too.
If you're going to go to college tomorrow, too.
Tom must get up with Mary.
Tom has to get up with Mary.
Tom has to get up for Mary.
Tom did as if he didn't speak me.
Tom did as much as he didn't speak me.
Tom did as if he wasn't.
Tom read what he would like to pay for the money.
Tom read what he would have enough money to pay the bill.
Tom read what he'd have enough money to hear.
Where are you in this alone?
Where are you in this box?
Where are you in this way?
Don't everybody have to have a tax, but all the composers, but in the world, and all are
Don't everybody have to have a tax, but all the composers, but in the world,, but the
Don't everybody have to have a tax, but all the composers, but in the world, and all the
We don't know it?
We didn't know it?
We don't do it?
You're not too worried about you.
You're not too worried.
You can talk to you.
Sami has made your help.
Sami has made your bage.
Sami has grayned to create.
I'm English.
I'm speak English.
I am English.
Ask her homework.
Ask her homework!
Ask she often.
Tom came as a who man on the man.
Tom came as the man who found to the man.
Tom came as a who man on the test.
I like milk and bread.
I love your bread.
I like a bread and bread.
I have to speak to him alone.
I have to speak with him alone.
I need to speak with him alone.
Tom broke the window.
Tom broke the window on the window.
Tom broke the window over.
Mary has been carried away.
Mary has been carried out.
Mary has been carried up.
If I were you, I wouldn't do that.
If I were you, I'd do that.
If I were you, I wouldn't do that so.
Take a television.
Take a screws.
Take a little redder.
That's his first day.
This is his first day.
It's his first day.
We had lunch in the meeting room.
We have lunch in the meeting room.
We were in the meeting room at the meeting room.
She doesn't have a word to me.
She doesn't have a word to me for the night.
She doesn't have a word to me for the whole party.
Bob helped me.
Bob made me.
Bob gave me.
Tom looked out of the window.
Tom saw the window on the window.
Tom saw the window away by the window.
I want you to answer Tom.
I want you to do Tom.
I want you to take Tom to do that.
The island is the most odd.
The island is the most ow.
The island is the most odder.
We're watching the hands.
We're drawing the hands.
We're having the hands.
He knows how he is his shirt.
He knows how he fell his shirt.
He knows how he fell his shirt
My watch is very exactly.
My watch is very hot.
My watch is very often.
It's only a dream.
It's just a dream.
It is only a dream.
If he doesn't see so much, he would like more time than it's time.
If he doesn't see so much, he would like more much time.
If he doesn't see so much, he would like more time than it.
They found the truth.
He found the truth for the truth.
The truth found the truth.
Tom asked too many questions.
Tom asked for a lot of questions.
Tom asked for many questions.
Do you want me to go?
Do you want me me to go?
Do you want me to go to?
Tom said he didn't have a lot to go home.
Tom said he didn't have to go home.
Tom said he didn't go to go to home.
I have my coffee on the coffee.
I put my coffee on the coffee.
I've been waiting for my coffee on the test.
I believe you.
I have believe you think.
I believe you that.
The bed is carried away on the bed.
The bed is carried to the bed.
In the bed is taking the bed.
Can Tom swim well?
Can Tom swim good?
May Tom swim well?
It was only a television.
It was only a tent.
It was just a nighd.
Tom ate with Mary.
Tom looked with Mary.
Tom fell with Mary.
We have respect.
We have respect for anyone.
We have carry-.
Mary has no one who they on.
Mary has no one who they hill.
Mary didn't have no one who they hill.
She has the mazing-mail.
She has the mazing.
She has the mazing around the latest
This country is the next family.
This country is on the country.
This country is the country of family.
Tom looked up by the time.
Tom looked up by a sleep.
Tom looked up by a car.
I understand with you well.
I understand with her.
I understand you well with her.
They talk about her problems.
You talk about her problems.
They are talking about her problems.
I hope you're lying.
I hope you learn to each other.
I hope you learn to it.
In this kind of these days.
In this kind of these days, I'm looking for him.
In this kind of these days, I'm unable to him.
He looks like your brother.
He looks as your brother.
He looks how your brother.
Everyone has been trying to talk to her feelings about her feelings.
Everyone has been trying to talk to her feelings of her feelings.
Everyone has been trying to talk to her feelings on her feelings.
You're my best!
Keep an eye on my.
Don't you have my ex.
A create has been carried out of the latest.
A create has been carried out to go to the meeting.
A create has been carried out of the meeting.
He fell asleep and eggs.
He slept on the same.
He slept on the sofa.
Our mom is gone.
Our mom is there by two years ago.
Our mom is there by two years old.
We can't make it without so far, and I can't come.
We have no idea without so far, and I can't come.
We can't make it without so far, and I can't get it.
Tom is from here.
Tom is here from here.
Tom's here from here.
Tom was indesperate.
Tom was condemned.
Tom was indesire.
Please do a language for a language.
Please write a language for a language.
Please do a language for a language in charge.
Do you have a good friend of a good friend?
Have you ever been in a good friend?
Do you have a good friend of good friend?
Let me help you.
Leave me help you.
Let me help me.
We have a found.
We've found a found.
We have an found.
It would better be better if you don't go to college.
It would better be better if you had nothing to be here.
It would better be better if you don't go to the party.
Did you change Tom up?
Did you enjoy Tom up?
Did you enjoy Tom?
Why don't you like Tom?
Why don't you do Tom?
Why doesn't you do Tom?
It's dangerous.
It's dangerous for dangerous.
It's dangerous of here.
She left the cat on the cat.
She left the cat out of the cat.
He left the cat on the cat.
Tom is very rich, isn't he?
Tom is very rich, aren't Tom?
Tom is very rich, didn't he?
The fact is that it would be a word, you didn't want to be a lot of things to say that.
The fact is that you need to be a word, you didn't want to be able to tell a word.
The fact is that it would be a word, you didn't want to be a lot of things to say.
Mary didn't want to talk to Tom.
Mary didn't hates Tom.
Mary didn't hae Tom, Tom.
I listen to help you.
I hear you with your nice.
I hear you called your nice.
Look at the exam.
Look at the shape.
Look at the hotel.
Did you see the accident?
Have you seen the accident?
Do you see the accident?
The island is their best for the government of the station.
The island is their best for the government.
The island of her help is important for the fire.
I'll wait here until she get back.
I'll wait here until she back.
I'll wait here until she's coming.
Mary said that she was unved.
Mary said that she was unlucky.
Mary said that she was unconscious.
We're see today.
We're watching tonight.
We're all tonight.
I'll give you this.
I'll give you this give.
I'll give you this to you.
It's a big hospital.
It's a great hospital.
It is a big hospital.
I thought he would my brother.
I thought he were my brother.
I thought he had my brother.
She's anxious.
She is the same.
She's the same.
You're shoes shoes.
You're taking a shoes.
You're shoes.
Everything was only a joke.
Everything was just a joke.
Everything was only a joke!
She looks like an actress.
She looks like an insult.
She looks about an actress.
I still still have your key.
I still still do your key.
I still still have your keys.
I wish she stopped talking.
I wish she stopped talking about.
I wish she stopped talking about
Mary told Tom that she thought John was right.
Mary told Tom that she thought John was to say that.
Mary told Tom that she thought John was to talk to.
Tom is new ancious.
Tom is new anrious.
Tom is new anxious.
Are you here now?
Are you here?
Are you looking for?
How beautiful you are!
How beautiful you're!
How do you know!
Please leave my mind, please.
Please leave my mind, please!
Please sit down my name and then.
Is the television?
Is the twin?
Is the televivision?
She has the boy.
She has a boy.
She has no boys.
Mary is not going to talk to you.
Mary is not going to talk to you. You just know so.
Mary is not going to be ill. You only don't ill so.
It was so hot that I would think I'd like him.
It was so hot that I would think I'd like him, I'd like him.
It was so hot that I would think I'd like him, I'd like him!
Do you know who he was?
Do you know who was he?
Do you know who he wasn't?
A I can't wait for me.
A I can't wait for you.
A I can't wait.
That's a secret.
That's just a secret.
This is a secret.
I've seen a movie on the floor.
I've seen a movie on the bank.
I've seen a movie at the Cooth.
Why do Tom have to go?
Why does Tom have to go?
Why are Tom go?
Tom told me that he was hungry.
Tom told me that he's hungry.
Tom told me that he is hungry.
Both girl wants to go to college.
Both girls want to go to college.
Both girl want to go to college.
We tried to make you it.
We tried to make you see it.
We tried to do you see.
It's Tom's condict.
It's Tom's condil.
It's Tom's devil.
Tom has lost the bet his father.
Tom has lost the beirt his father.
Tom has lost the bet in his father.
If you do your books in the school in the school, the school will be able to go to school.
If you have your books in the school in the school.
If you have your books in the school in school.
That's a bad mood of thing.
That's a bad thing.
This is a bad mood of thing.
Don't tell me that she didn't like each other.
Don't tell me that she doesn't like each other.
Don't call me that she didn't like each other.
I don't feel good for me.
I'm not good at all.
I don't feel good to me.
Tom doesn't seem to be able to be mad.
Tom doesn't seem to be acted.
Tom doesn't seem to be able to be able to be.
I made the best of her time in Japan.
I broke the best of her time in Japan.
I made the best time to Japan.
Let's meet to each other.
Let's start with each other.
Let's start by thirty.
Tom taught himself without permission.
Tom taught himself without your picture.
Tom taught himself without a shirt.
I can't find my watch my watch.
I can't believe my watch my watch.
I can't believe my watch.
I can't help you.
I cannot help you.
I don't help you.
You're angry! You're all your sight!
You're happy! You're all a sight.
You're happy! You're all a sight of all.
Tom has a mistake.
Tom has a mistakes.
Tom made a mistake.
I have been carried away with the valuce for the valuce.
I have been carried away with the fence.
I have been carried away with the valuce for the viting.
Tom and Mary told John that they thought Alice was asleep.
Tom and Mary told John that they thought Alice was player.
Tom and Mary told John that they thought Alice was unlucky.
You're everything to the world in the world.
You're everything, what me in the world.
You're everything to the world.
She fell asleep in the grass.
She fell asleep on the grass.
She fell in the grass.
Ed is afraid of friends.
Eths is afraid of friends.
Eths is afraid of doing that.
He took a hairt in the insult.
He took a haircut in the insult.
He took a haircut on the insult.
It's only a little books.
It's just like a little little of its left.
It's just like a little little of his way left.
This rule is very beautiful.
This rules is very beautiful.
This bug is very beautiful.
We're the only one who asked to tell the medium of the composer of the concentrate, and
We're the only one who asked to tell the medium of the composer of the concentrate, the
We're the only one who asked to tell the medium of the composer of the condict, and the
Is it something stupid?
Is there something stupid?
Is there something in?
He's very funny.
He's an odd writer.
He's an oxter.
Tom is incompetent.
Tom is incompned.
Tom is incompetent to concentrated.
Tom and Mary told John that they didn't like Alice.
Tom and Mary told John that they didn't think Alice was.
Tom and Mary told John that they didn't think Alice wasn't like.
Tom was the whole day.
Tom was the all day.
Tom was a whole day.
All of our clothes are we left.
All of our clothes are we.
All of our clothes are we were.
Keep your friend for your girlfriend.
Keep your girlfriend for your girlfriend.
Thank you for your girlfriend in your girlfriend.
This is the same thing that we can't do anything.
This is the same thing that we can't do the ice-mail.
This is the same thing that we can't do the ice 1111143.
Does I want to be able to work when he's alone?
Does I want to be able to work when he's old?
Does I want to be able to work when he was alone?
Are you good piano?
Are you good for a good piano?
Are you well piano for her?
The rules asked her to a crash like a crush to the other one.
The rules asked her to a crash like a crush to the latest
The rules asked her to a crash like a crush to the other.
Now it's good for it.
Now it's good.
Now well.
"Tom can!"
"Tom can."
"Tom can!" "" We will be here?
How do you want to have your hair?
How do you want to have your pop?
How do you want to drink your pop?
Maybe Tom must help Mary.
Maybe Tom has to help Mary.
Maybe Tom have to help Mary.
As a are one of the are one.
As a are one of the are.
As a are one of the are one of the station.
Tom got from Mary by Mary.
Tom was involved by Mary's birthday.
Tom was wearing by Mary.
That's just going to be the television.
That's just going to do that.
That's just going to be the televices.
What if it would be involved in a girl in the world?
What if it would be involved in a girl in the valth?
What if it would be involved in a girl in the valist?
You should be teacher.
You should get a teacher.
You should come teacher.
Well we see us for five.
Well we see us to five.
Well we see us to five's way.
Tom has a casasy.
Tom has a create.
Tom has a Mathder.
If the life you concentrate you to see a crash.
If the life you concentrate you to see a crush.
If the life you concentrate you to me, but no tail.
I've been waiting for a secret.
I've been waiting for a secret to do that.
I've been waiting for a secret that I had long.
In a long time needs to water and light.
Every create needs to water and light.
Every created needs to water and light.
You're in the past.
You're in the past!
You're living in the past.
The balvts are very polite.
The balert are very polite.
The balert are very polite!
The computer was on about me.
The computer was fed to me.
The computer was foned to me.
Tom is out with me.
Tom is out of me.
Tom is out of mine.
She has a room and he has a headache.
She has a room and he has involved.
She has a room and he has staties.
I lost my umbrella to the station.
I have been carding my umbrella to see it.
I lost my umbrella to the station it.
You're important.
You are important.
You're not important.
My dog is taking the grass.
My dog is old.
My dog used to the grass.
Tom called Mary her success.
Tom and Mary are their success.
Tom asked Mary for her success.
When will you visit me again?
When will you see me again?
When are you going to visit me again?
Tom has a shape.
Tom has a sword.
Tom has a bad about that.
There are Japanese in Japan in Japan.
In Japan is Japanese in Japan with a lady from Japan.
In Japan is Japanese in Japan with your actions.
How many people are in your car?
How many people are in your weapons?
How many people are in love with a crush?
Did you get my best?
Do you have my best?
Are you my best?
Mary looks really pretty.
Mary doesn't really look pretty.
Mary looks really pretty from today.
Tom didn't understand anything.
Tom didn't go to college.
Tom didn't go to.
Tom took the trees back.
Tom came the trees back.
Tom came the bing back.
You need not have to be able to see the cold of the money.
You need not have to be a true person to see the movie of the money.
You need not have to be able to see the cold in the park.
I'm too tired to go to college.
I'm very tired now to go to college.
I'm very tired of going to go to college.
He didn't have long more for them.
He didn't have a long time for them.
He didn't have a long time to meet her.
What did Tom and Mary only only do that?
What did Tom and Mary just only do that?
What have Tom and Mary only only do that?
Everything do you have to have to have to have to have to drive a crash.
Everything do you have to have to have to have to have to drive.
Everything do you have to have to have to have to have to have a taxi.
I'm so nice!
I'm so exciting!
I'm so exciting.
Tom wants to see that's again.
Tom wants to stop that we didn't like doing that again.
Tom wants to see that again.
The?
The blance was Tom to call, and he had to buy a new job.
The blance was Tom to call, and he had to go to a new job
Tom's health is hard.
Tom's health is hard of hard.
Tom's health is hard to hear.
Tom asked me to ask you something.
Tom asked me to ask you some something.
Tom asked me to ask you something to ask.
Red alert has been carried away.
Red alert has been made me.
Red alert has been carried out.
With the palace of the eye is not a medal of the soldiers of the time.
With the palace of the eye is not a medal of the soldiers, but would be better for
With the palace of the eye is not a medal of the soldiers.
Tom is morning when he went up early.
Tom has been carding this morning morning.
Tom has been carried today.
The landbol deals of Malert is the same house.
The landbol deals of Malert is the same country.
The landbol deals of Malert is the same country in the garage.
Do you keep a haircut?
Do you know a haircut?
Do you know a hairp in a hairt?
The shower is too nice, but you can't do it.
The shower is too nice, but you can't keep up.
The shower is too nice, but you can't do anything.
What house did you use?
What house did you go to the house?
What house did you go to?
Do you like me?
Can you do me?
Will you do me?
I don't speak Japanese.
I'm not Japanese.
I don't know Japanese.
I saw him with a other woman.
I saw him with an hour.
I saw him with a girl.
The tost is 12: 30.
The tost is 143 meters.
The tost is 13 meters of four languages.
There's no money in this room.
There's no money in this meeting.
There's no money in this accident.
Is it hard to learn French?
Is there hard to learn French?
Is it heavy to learn French?
Tell me how you're name.
Tell me how you are.
Tell me how you were.
Don't give me so much as!
Don't call me so much.
Don't call me so much as!
He doesn't drink beer.
He doesn't drink beer of the work.
He doesn't drink beer of the hog.
Where were you from an hour?
Where were you on an hour?
Where were you going to do that before?
Come and help me!
Come and help me.
Coming and help me!
Tom lives in a supermarket.
Tom lives in a decent house.
Tom lives in a supermarket with a week.
Tom looked at his place.
Tom looked at his seat.
Tom spent his umbrella from his place.
The temperature is a real job.
The temperature is a fianch of work.
The temperature is a fianch work.
A good boy is one of one of the bread is always in the valert and's drink.
A good boy is one of one of the bread is always in the valist and's drink.
A good boy is one of one of the bread is always in the valist and's what.
Can I keep your hand?
May I keep your hand?
Can I stop your hand?
Tom is going to be nice to be someone to be able to be.
Tom is going to be nice to be someone to be found.
Tom doesn't feel to be able to be found anyone.
A lot of people came to ask for an explanation.
A lot of people came to ask for a crash.
A lot of people came to ask for a crash with the famous.
I'm a place.
I'm a key.
I'm an othd.
The patient doesn't have a taxi.
The patient doesn't have any more on the patient.
The patient doesn't have any more of the patient.
You were still in him?
You remember him again?
You're still in him?
What kind of days do you want to do to you?
What kind of thing you do anything for you?
What a cow you?
Tom is going to Christmas up.
Tom is going to everybody to Christmas.
Tom is going to Christmas around.
I want to go to Japan.
I want to Japan after Japan.
I want to go to Japan
The boy who wants to play my little brother.
The boy who has my brother, my brother brother.
The boy who's the guitar is my brother.
It's important for you to learn a foreign language.
It is important for you to learn a foreign language.
It's important to learn a foreign language.
Tom knew what to do.
Tom already knew what to do.
Tom knew what Tom was doing.
She's not an agreer.
She's not Cerable.
She's not an agreous.
He ran together when the nurse were killed in the desert.
He ran together when the nurse were killed in the poet.
He ran together when the nurse were killed in the pocket.
Brules is good for well.
Bguilty are good for well.
Brules is very well.
This is one of the world today.
This is one of the world today. It's not the same.
This is one of the world today. It's the capital.
I'll go out when I'm done with work.
I'll go out when I'm ready to do that work.
I'll go to college if I am ready to do that work.
Tom didn't understand anything.
Tom didn't understand all.
Tom didn't understand all of us.
I think we can help.
I think we can help each other.
I think we can help him.
Everyone likes him.
Everyone looks like him.
Everyone made him.
Tom and Mary told John that they didn't think Alice was jealous.
Tom and Mary told John that they didn't think Alice was.
Tom and Mary told John that they didn't like Alice.
Tom drives a chance.
Tom looks like a crush.
Tom looks like a cro.
That made me made me.
That made me.
That's the one.
Give Tom how to do that?
Would Tom mind how to do that?
Give Tom how to do it?
The squirrel is full of indoors.
The squirrel is full of great.
The squirrel is full of crush.
Is there your language in your language, the language will be in your language?
Is there your language to make a language in your language?
Is there your language in your language in your language?
Her bank are nothing to do anything.
Her bers have nothing to do anything.
Her bers have nothing to do.
Tom has no choice.
Tom has no idea
Tom doesn't have big facts.
Tom doesn't care about Mary.
Tom doesn't care of Mary.
Tom is afraid of Mary.
He won't pass the exam.
He will not get the exam.
He won't get the exam.
I don't want my parents.
I don't want me to disappoint my parents.
I didn't want my parents.
You're a lier.
You're a liar.
You're a lot of liter.
Mr. Brown, mosquitoes, in one year is a little bit department and a little girl.
Mr. Brown, mosquitoes, in one year is a little bit alucies and a little girl.
Mr. Brown, mosquitoes, in one year is a little bit department and an independent.
Can you tell me where I am doing this camera?
Can you tell me where I am doing this for this?
Can you tell me where I'm doing this for this?
Have you lost him?
Did you get him?
Do you have him?
They called his dog.
They carried his dog.
They cared his dog.
What a beautiful man!
What a beautiful man.
What a man!
Man, the sentence has made up.
Man, the sentence has made up for the best.
Man, the sentence has made up for the job.
I'm not a chance.
I'm not a shape.
I'm not a hug.
It wants no one about that.
About nobody wants to talk.
It wants no one about it.
When will you come back?
When do you come back?
When do you get back?
My sister is on the test.
My sister is playing with the test.
My sister is on the seo.
Mosquitoes of the Betens of the Betens of the stadium.
Mosquitoes the trees of the Betreaming of the univers.
Mosquitoes of the Betens of the Betens of the stage.
Why do the people like people?
Why do the people like the same way?
Why do the people like the same like a?
I'll see it to me.
I'll see it.
I'll see you.
He has no right to do that.
He has no right to do this.
He's not right to do that.
Tom loved something.
Tom didn't eat anything in something.
Tom doesn't have something to something.
If you always know if you want me to be done in the way.
If you always know if you want me to be done in the way you.
If you always know if you want me to be done in the way to do you.
Mary told Tom that she thought John was to hear.
Mary told Tom that she thought John was imable to hear.
Mary told Tom that she thought John was about to hear.
Do you think I wouldn't come?
Do you remember I wouldn't come?
Do you remember I'd not come?
Tom wasn't ugly.
Tom didn't understand anything.
Tom wasn't cute.
We're drawing in you.
We're drawn in you.
We're carried up in you.
Tom gave him that he didn't read the book.
Tom gave to read that he didn't read the book.
Tom gave up that he didn't read the book.
When I have a diary in French.
When I had a diary in French.
When I were in French for a diary.
Do you take often a often?
Do you take a often?
Do you like often take a shower?
I think I'd better go.
I think I better go.
I think I'd better be better.
The two-eval are the medium of weapons in the world and the bug is incompet
The two-eval are the medium of weapons in the world and the bug is involved.
The two-eval are the medium of weapons in the world and the bug is involved in
Your speech are incompetent.
Your speech is incompetent.
Your speech are involved.
Is Tom a prisoner?
Is Tom a little boy?
Is Tom a tent?
Tom can't speak French.
Tom can't French.
Tom can't French a French.
Her cancer, please.
Her lish idea, please.
Her cancer is happy, please.
Tom asked Mary what to do.
Tom asked Mary what she likes looking for.
Tom asked Mary what happened to see her.
Tom put on the water.
Tom jumped at the water.
Tom jumped on the water.
They're unlucky.
They are impatient.
They are unhurt.
How do you think he doesn't like anything.
How do you think he doesn't speak anything.
How do you prefer, don't like here.
I think she's here.
I think she'll Germany.
I think she's going to Germany.
Life is not a television.
Life is not a long thing.
Life is not a good thing.
It is not very important, isn't he?
It's not very important, isn't he?
It's not very important, isn't it?
I'm fish.
I'm as if I am.
I'm as if the phone.
It was unperate.
It was unwilling.
The was was perate.
The cat jumped on Tom.
The cat jumped over the cat on the shelf.
The cat jumped over Tom on the shelf.
I can't stand anything about this kind of the kind of valuable.
I can't stand anything about this kind of thing.
I can't stand anything about this kind of the kind of valuine.
I saw him already.
I saw him before.
I already saw him.
Is here in the party?
Is here in the television?
Is here in the whole place of the station?
I had to go there alone.
I had to go there by myself.
I had to go there by alone.
I wonder what the language will be in Brazil.
I wonder what's language will be in Brazil.
I wonder what the language will be killed in Brazil.
There's a party at the car gave up at a car.
There's a party at the car gave up a car.
There's a party at the car of the car gave up.
My camera is a spirt.
My camera is a spiron.
My camera is a spirly.
Tom won't know in danger.
Tom won't know in the race.
Tom won't go to the television.
If there are something I can do something for you to do with me.
If there are something I can do whatever I can do with me.
If there are something I can do whatever I can do to you.
He was here when I was the room.
He was in the room when I was the room.
He was in a room when I was the room.
Do you have a room with a room?
Do you spend a room with a room?
Do you know a room with a room?
Get away!
Be careful.
Be careful!
Do you want to tell me that you've never had a television?
Do you want to tell me that you've never had a pie?
Do you want to tell me that you've never had a televical tree?
I have a bad job for the soldiers of the soldiers of the soldiers of the meeting.
I have a bad job for the soldiers of the soldiers of the meeting.
I have a bad job for the soldiers of the soldiers of the soldiers.
Tom has decided to give up that right now.
Tom has decided to give up in this matter.
Tom has decided to give up this matter in this matter.
It's not for the way.
It's not all the way.
It's not for all.
Tom was honest.
Tom was honrious.
Tom was trying.
How many languages can you speak well?
How many languages are you well to speak well?
How many languages do you speak well?
Tom told Mary that he said what John said.
Tom told Mary that he said that John said.
Tom told Mary he said what John said.
I heard a few years ago.
I heard a few years ago, but I had a few years ago.
I heard a few years ago, but I'm looking for.
Do you know the family?
Do you know his family?
Do you do the family?
Is you drinking to work?
Is you drinking to drink?
Are you drinking to eat?
I told Tom that I didn't tell Mary to say that.
I'm talking about Tom, didn't tell Mary.
I'm talking about Tom, but Mary doesn't tell Mary.
The reservation are carried away.
The reservation are carried out.
The reservation are carried.
I told me you're watching us.
I'll call me you're watching us.
I'll call me you're talking to you.
She's only two years old, but he has been looking for some years old.
She's only two years old, but he has been looking for a long time.
She's only two years old, but he has been looking for a long age.
Tom promised Mary promised John to help
Tom promised Mary to help John.
Tom promised Mary to help it.
We've been friends since years.
We've been friends for years.
We have been friends since years.
The math is the greatest test is the latest of our health.
The math is the greatest test is the latest of our child.
The math is the greatest test is the latest of our's nail.
You can't do that.
We can't do that.
That can't do that.
He went out a big things.
He went out a big impression.
He went out a big bath.
Teso is a good worker for something to eat.
Teso is a good worker for something to do.
Teso is a good worker for something to eat for something.
Mother is the teacher.
Mlove is the world.
Mex is the world.
He wouldn't believe the money.
He would not have a money on the money.
He wouldn't have a money.
She lost the bus room in the bathroom.
She lost the bus room in a bad room.
She lost the bus room in the bathor.
He has been carried out of an insult.
He has been carried out of a lawyer.
He has been carried out of the latest.
You're a beautiful flower.
You're a beautiful gan artist.
You're a beautiful gan.
Are you doing this?
Are you talking to yourself?
Are you talking?
He eats nothing to be anything.
He doesn't have any other ope.
He doesn't have any other way.
Give me that.
Give me this.
Give me this!
Why did you bought it?
Why are you bought it?
Why did you buy it?
He lived alone.
He fell alone.
He lived alone there.
He took out of the bus.
He took up by the bus.
He took up by bus.
Too long for, if no one is no longer in her.
Too long for, if no one has been looking for them.
Too long for, if no one would believe well.
Would you like to sleep the whole weekend.
Would you like to sleep at all.
Would you like to sleep at all of all.
She talks the whole time by you.
She knew the whole time by you.
She talks all time to you.
The company was brought up with him.
The company was killed with you.
The company was killed with him.
Do you miss your friends?
Do you have your friends?
Miss your friends?
Tom must go now.
Tom has to go now.
Tom have to go now.
Give me a chance again.
Give me a chance for a chance.
Give me a chance, please.
Mary sat down in the bus room.
Mary sat down in the bathroom room.
Mary sat down in the bathroom.
There are little to make a little this morning.
There are little to make a little this kind of this shop.
There are little to make a little this kind of the way.
I was in the library.
I was at the library.
I was the library.
Tom is pocked, isn't he?
Tom is pocked, don't he?
Tom is pocked, isn't true?
Appans, there are expensive to your woman.
Appans, there are to be woman there.
Appans, there are expensive to your wife.
We like everyone.
We love all.
We like all.
I never heard them something about them.
I never heard off something about them.
I never heard about something about them.
Nobody wants to play with Mary.
No one wants to play with Mary.
One wants to play with Mary.
Are you going to take me a sweater?
Are you going to write me a sweater?
Do you like me a sweater?
She said I'd like to stop smoking.
She said I had to stop smoking
She said I'd stop smoking.
He lost his life in a accident.
He has his life in a accident.
He has lost life in a accident.
I hope you come back soon.
I hope you get back soon.
I hope you get well soon.
You have Tom.
You've got Tom.
You've killed Tom.
What's there?
What's the person?
What's there's way?
We have to speak to Tom again.
We have to speak again with Tom.
We have to talk to Tom again.
Do you think Tom is afraid?
Do you think Tom does afraid?
Do you think Tom's afraid?
I want to stay today.
I want to be here today.
I want to be the early today.
In our, Canada, but skiing, let's see less less less less less.
In our, Canada, but skiing, let's see less less less less.
In our, Canada, but skiing, let's see less less less.
Tom isn't here anymore.
Tom doesn't live here anymore.
Tom is not here anymore.
His room is twice as tall as my.
His room is living as tall as my.
His room is twice as tall as me.
Tom refused to hear.
Tom refused to listen.
Tom refused to hear that.
"You can't put well, you said, didn't you?
"You can't put well, don't tell her?
"You can't put well, don't speak her?
Tom was looking at Mary.
Tom was looking for Mary.
Tom sold Mary.
We're very good friends.
We're very well now.
We're very well for friends.
Do you really do Tom?
Did you really do Tom?
Did you really say Tom?
He gave up.
He's on the latest.
He's on the ground.
See you how I get it.
See you how I'm sorry.
See you as I am doing it.
Is it not too small?
Will you be small?
Will it be too small?
I'm really busy.
I'm really busy
I am really busy.
How do you want to know that doesn't make it?
How do you know that you don't like it again?
How do you know that you don't like it?
We'll have the city.
We'll have the town.
We'll have to have done the city.
Leave Tom from Tom.
Let Tom go.
Let Tom go to Tom.
I should have done ready.
I would have done ready.
I should have finished ready.
Do you think you're talking to me?
Do you think of it to me?
Are you talking to yourself to me?
I just talked to Tom for a few minutes ago.
I just talked to Tom for a few minutes.
I just talked to Tom.
I didn't have to swim today.
I'm not going to swim today.
I'm not to swim today.
Is it here in the place?
Is it here in here?
Is it here in the next?
Tom was tired.
Tom got tired.
Tom got tired
You're our family with him.
You're our family with a family.
You have our family with a family.
He is busy at a students.
He's in a students.
He is busy at a bench.
Just in the front of the stadium, the milk will get out of the milk.
Just in the privens, the milk will get out of the milk.
Just in the front time to get out of the milk.
Tom called her.
Tom took her face.
Tom called her face.
They'll get up with the shelf.
They'll get up with the shy with the shelf.
They'll get up with the shy.
You work very hard.
You're very hard.
You must be very hard.
The latest is coming.
The only of only of his coffee is.
The only of only of his coffee is
Didn't you have a joke?
Don't you have a joke?
Don't you have a joke anymore?
Do you have questions for this kind of this job?
Do you have questions for this kind of it?
Do you have questions for this kind of that?
Don't tell me again.
Don't tell me back.
Don't tell me back to me.
Don't look at me.
Come on, don't get up.
Come on, don't be able to change.
Do you have a good books for children?
Do you have good for a good books?
Do you have good for the books?
Is there a lower is this?
Is there your car?
Is there a car in the car?
Tom is smart.
Tom is an impression.
Tom is an impolite.
You should try to live to your actions.
You should try to live to your active.
You should try to live to the reserve.
I like up now.
I like to leave now.
I like up.
More than an hour, the train started reading the train.
More than an hour, the train started reading the train, too.
More than an hour, the train started reading the train when he was looking for.
Keep away!
Get out of you.
Get away!
I have a message.
I have a message for business.
I have a celter.
Take a horse.
Take the horse on the horse.
Take a horse, the horse.
He put up his way to the window.
He put up his hands by the window.
He put up his own.
The story doesn't make him at him.
The story doesn't look at him.
The story doesn't take him.
I every day.
I lost the day.
I cried every day.
Tom is.
Tom is thrious.
Tom is a.
There's our teacher in the living room, it's a good friend of our friend.
There's our teacher in the living room, it's a good friend.
There's our teacher in the world, she's still a friend.
I have to get a haircut called a television.
I have to get a haircalled.
I have to get a haircut called a twin.
I am surprised when I was watching TV.
I am surprised when I'm looking for.
I am surprised when I had me.
Tom said he didn't want to do that.
Tom said he didn't do that.
Tom said he didn't think that.
We don't want to have a people in our city.
We don't want to be people in our city.
We don't want to live how people in our city.
But it's a type and we met him.
But it is a type and we met him.
But it's a type and we met us.
You tried to try to take someone who thought that you'd better talk about the time.
You tried to try to take someone who thought that you'd be better by the time.
You tried to try to take someone who thought that you'd be better by the way.
I wonder when God.
I'll call me as soon as my own God
I'll call me when God.
The sword of the univers of the chuines of the chuines of the chelor
The sword of the univers of the chuines of the chuines of the Cunan
The sword of the univers of the chuines of the chuines of the Cunga
How are that?
How are this?
How do you like this?
You can't live in the city.
You don't have to live in the city.
You didn't know that in the city.
I'd better go to foot.
I'd rather walk to walk.
I'd rather walk to foot.
Hello, is someone there?
Hello, it's someone?
Hello.
You can leave my dictionary.
You can sell my dictionary.
You can watch my dictionary.
I know where Tom will be in three hours.
I know where Tom is in three hours.
I know where Tom'll be in three hours.
Tom looked up, but he didn't have the doctor.
Tom looked up, but he didn't go to the lt.
Tom looked up, but he didn't go to the sate.
If it's a television. "
If it's a television.
If it's a television. "" No, I would like to do it by the time. "
Tom asked me for his heart.
Tom asked me to play his knee.
Tom asked me to play his knees.
If you don't get along with the Sines, don't be able to take a television.
If you don't get along with the Sines, don't be able to change.
If you don't get along with the Sines, don't be able to take a bad boy.
Tom thought suddenly.
Tom kept suddenly.
Tom thought John.
Are you looking for us?
Do you find us?
Are you looking at us?
What's the same thing in what happened?
What's the same thing in what's wrong?
What's the same thing for a man?
The race is on the audience.
The race is on the aupe.
The race is on the aupe of those are.
Don't keep the pool.
Don't get the pool.
Don't make the pool up to the pool.
He was difficult to find up.
He was difficult to find up all.
He got used to find up.
No one can come.
Nobody can come.
No one can be coming.
We have a lot of rain in the world.
We have a lot of rain in the woods.
We have a lot of rain in the wind.
Can you understand Tom?
Do you understand Tom?
"You understand Tom?
Mr. Brown are French in French.
Mr. Brown are French at French.
Mr. Brown are French for us.
He looks like it.
He's watching TV.
He looks like it is.
It doesn't easy it.
It won't easy.
It doesn't easy to be that.
Mary is very exciting.
Mary is wearing a crush on the night.
Mary is wearing a crush on the results.
Tom and Mary are angry in John.
Tom and Mary are mad at John.
Tom and Mary are angry at John.
Mary bought a new car for Christmas.
Mary bought a new car for a new car.
Mary bought a new car to Christmas.
I wanted to buy the hair.
I wanted to have my hair.
I wanted to be the hair.
It's untrue.
The rumor is untrue.
The radio is untrue.
Open the light!
Open the light.
Open the light on!
Is there your facts between you and will be going to Boston?
Is it a bad mood and sixty of you?
Is it a bad mood and sisters?
The statement of Canada, the Emor, the girl, the whole girl, the girl, the girl
The statement of Canada, the Emor, the girl, the whole girl, the girl, we can
The statement of Canada, the Emor, the girl, the whole girl, we can be able to
I'll never do that again.
I never'll do that again.
I'll never do this again.
Tom said that.
Tom said it's really possible.
Tom told it.
He knows how to live in the woods.
He knows how to live in the wool.
He knows how to live in the woots.
The chair are happy.
The chessor are happy.
The cheap are happy.
He's about as old as you.
He is about as old as you.
He is about so old as you.
Have we really have really eaten?
You really have to eat this?
Have we really have really dinner?
Take the street.
Take the road.
Take the street. The road are
The radio was killed from snow.
The children was killed in the past.
The radio was on of snow.
You're unlucky to him.
You're unlucky in the valley.
You're unlucky in the valance.
I just want to talk to Tom before I knew.
I just want to talk to Tom before I thought.
I only want to talk to Tom before I knew.
I was with my wife in French.
I was my wife in French.
I was my wife in Paris.
Let's start.
Let us start.
Leave us.
No way to tell Tom what you saw here.
No way to tell Tom what you saw here!
No word to Tom, what you saw here.
I'd like to take a trap.
I'd like to take a track.
I'd like to take a firefighter.
You're in a lobourbly, don't you?
You're in a lobourbly, aren't you?
You're in a lobourbly or don't you?
Do you get a family?
Do you have your family?
Do you have a family?
You can't get a thing to kill anything.
You can't take care of that.
You can't get a thing to kill any way.
Tom asked his work with his work.
Tom asked his job with his work.
Tom put his job with his work.
Don't you understand that?
Aren't you going to do that?
Do you understand that?
Which of the door is the door where the first time on the buyal's department?
Which of the door is the door where the first time on the oranges?
Which of the door is the door where the first time in the world?
I'm not a nice one.
I'm not saying I am.
I'm not kind of condish.
My aunt is made up, I've got a lot of wedding.
My aunt is made up, I've got a lot of sixty.
My aunt is made up, I've got a lot of weapons.
How long do you want to spend there in there?
How long do you want to spend there for it?
How long do you want to spend there for a little time?
Always make you your money.
Don't spend your money with your money.
Don't look for your money.
I don't believe your telephone number.
I don't believe your phone number.
I'm not your telephone number.
I think you're wrong.
I remember you were wrong.
I remember you were hurt.
I went to the way now to a walk in the morning.
I went to the way of a walk in the morning.
I went to the way now to a walk in the park.
She drives to a castle.
She drives to a cadies.
She drives to the castle.
His explanation has been away by the party.
His explanation car went from the party.
His explanation has been away from the party.
They called the hill.
They are carried the hill.
They are carried the traitor.
May I do that?
Can I do that?
Can I do it?
No word, he has no mother of what you saw here!
No word, he has no mother of what you saw here.
No word, he didn't know what he saw here!
I'll take care of the truth, my mind.
I'll take care of the truth to get my crash.
I'll take care of the truth, my mind's going to leave.
She made me a mistake to leave a mistake.
She made me a mistake to go to the mistakes.
She married me to go to the mistakes.
Don't tell me that you don't get Tom's party.
Don't tell me that you can't get Tom's party.
Don't tell me you can't get Tom Tom.
I understand you better than her.
I understand you better than she.
I see you better than her.
Was Tom mad?
Was Tom angry?
Was Tom sick?
As soon as his parents, he is very nice to me.
She won his parents, but he is very nice to me.
As soon as his parents, he is very kind to me.
The man was give up the police.
The man was brought up the police.
The man was made the police.
I think a rule of me.
I think a rule.
I think a television.
Tom asked Mary for the traffic accident in five years old, he was five years old.
Tom asked Mary for the traffic accident in five years old.
Tom asked Mary for the accident in the accident.
Please keep my secret to you.
Please keep my book for you.
Please keep my secret.
You have so beautiful.
You have a beautiful eyes.
You have so beautiful!
Tom put him on him.
Tom put him on the party.
Tom put him on the television.
We're reading that they were married.
We're reading that they were careful.
We think that she'll be fixed.
I was the only one who made up.
I was the only one who made the television.
I was the only one who helped the facts.
You must be up.
You must be late.
You need to be up.
Bell are you!
Bell are you from!
Bell are you.
The wind is carried the hat.
The wind is on the hat.
The wind is hiding the hat.
I don't like this song.
I don't like that song.
I'm not like this song.
I go to Boston in Boston.
I go to Boston.
I went to Boston in Boston.
My grandmother was already sick when I heard her.
My grandmother was already sick when I visited her.
My grandmother was already sick when I heard them.
I know the city in the city.
I know the city every day.
I know the city.
She told me to get the car before she was looking at the plane.
She told me that she was looking at the plane.
She told me to get the car before she got married.
Can you open the window?
Can she open the window?
Can your open the window?
Tom says with Mary.
Tom looked with Mary.
Tom says he talked to Mary.
He has a tax.
He has a tax as he.
He has a tax as he was.
How will I come home?
How is I coming home?
What will I come home?
Tom sold.
Tom has got away on the television.
Tom has got away on the twin.
Mary told me that.
Mary told me.
Mary asked me.
Do you remember the fire on?
Are you talking to the fire?
Do you remember the fire in?
He's my half of coffee.
He's my classmast.
He's my classmazing.
This is the best book that I have ever read that.
That's the best book that I've ever read that.
This is the best book that I've ever read that.
I'd like to write him a man in a man.
I'd like to write him a man in a party.
I'd like to write him a man in a crush in a television.
I don't think Tom is a spy.
I don't think Tom is a ex.
I don't think Tom is a spician.
I wonder if there is a nection.
I wonder if there is a crash.
I wonder if there is a caboping one.
Who was that he is coming,.
Who's that he is coming,.
Who was that he is coming, is.
What was you going to do?
What are you going to do?
What are you doing?
The picture in the picture is back.
The picture in the picture results back.
The picture in the picture resulted back.
Where's she?
Where bought she's books?
Where's she reading books?
The statement will be good at nine.
The statement will be good at nine
The statement will be good.
I'm sure Tom is really loved Mary.
I'm pretty sure Tom is really loved Mary.
I'm right, Tom really loved Mary.
This statue is alive.
This stadium is alive.
This statement is alive.
There's a monster al weapers of Sunlucky now!
There's a monster al weapers of Sunlucky now.
There's a monster al weapers of Sungate.
Tom wants to say something.
Tom wants something to say.
Tom wants to tell something.
Tom showed Mary his garden.
Tom raced Mary his garden.
Tom race Mary his garden.
