We already met us.
We've already met us.
We have already met us.
All of my daughter is important of my daughter.
All of my daughter is a daughter.
All of my daughter is the daughter.
If you go to go, I go to college, too.
If you leave tomorrow, I go to college, too.
If you go to go, I go to college.
Tom has to get up with Mary.
Tom must be able to see Mary.
Tom must be able to help Mary.
Tom did as if he didn't speak me.
Tom did as much as he didn't speak me.
Tom did as if he wasn't.
Tom read what he would like to pay for the money.
Tom read what he would have enough money to pay the bill.
Tom read what he'd have enough money to hear.
Where are you in this alone?
Where are you in this box?
Where are you in this way?
Didn't everybody have to have a medate, but all the composer are department, but all the
Didn't everybody have to have a medate, but all the composer are deparor, but all the
Don't everybody have to have a medate, but all the composer are department, but all the
We don't know it?
We didn't know it?
We don't do it?
You're not too worried about you.
You're not too worried.
You can talk to you.
Sami has made your help.
Sami has reyte.
Sami has grayned to cyte.
I'm English.
I'm speak English.
I am English.
Ask she often.
Ask her a questions.
Ask she often!
Tom came as a who man on the man.
Tom came as the man who found to the man.
Tom came as the man who was on the man.
I like milk and bread.
I love your bread.
I like a bread and bread.
I have to speak to him alone.
I have to speak with him alone.
I need to speak with him alone.
Tom broke the window.
Tom broke the window on the window.
Tom left the window.
Mary has been carried away.
Mary has been carried out.
Mary has been carried up.
If I were you, I'd do that.
If I were you, I wouldn't do that.
If I were you, I wouldn't do that so.
Take a television.
Take a tles.
Take a little redder.
That's his first day.
This is his first day.
It's his first day.
We had lunch in the meeting room.
We have lunch in the meeting room.
We were in the meeting room at the meeting room.
She has no sense of my place.
She doesn't have a word to me.
She doesn't have a word to me for the night.
Bob helped me.
Bob made me.
Bob gave me.
Tom looked out of the window.
Tom saw the window on the window.
Tom saw the window away by the window.
I want you to answer Tom.
I want you to do Tom.
I want you to do Tom for Tom.
The island is the most odd.
The Station is the most odd.
The Station is the most othor.
We're watching the hands.
We're drawing the hands.
We're having the hands.
He knows how he is his shirt.
He knows how he fell his shirt.
He knows how he fell his shirt
My watch is very exactly.
My watch is very often.
My watch is very hot.
It's only a dream.
It's just a dream.
It is just a dream.
If he didn't see a lot of time, he'd be time for a lot of time.
If he didn't see a lot of time, he would be time for a lot of time.
If he didn't see a lot of time, he would like more time than it.
They found the truth.
He found the truth for the truth.
He found the truth.
Tom asked too many questions.
Tom asked for a lot of questions.
Tom asked for many questions.
Do you want me to go?
Do you want me me to go?
Do you want me to go to?
Tom said he didn't have a lot to go home.
Tom said he didn't have to go home.
Tom said he didn't go to go to home.
I have my coffee on the coffee.
I put my coffee on the coffee.
I've been waiting for my coffee on the test.
I believe you.
I have believe you think.
I believe you that.
The bed is carried away on the bed.
The bed is carried to the bed.
In the bed is taking the bed.
Can Tom swim well?
Can Tom swim good?
May Tom swim well?
It was only a television.
It was only a tent.
It was just a nighd.
Tom looked with Mary.
Tom ate with Mary.
Tom fell with Mary.
We have respect.
We have carried out.
We have carry-.
Mary has no one who they on.
Mary has no one who they hill.
Mary didn't have no one who they hill.
She has the mazing-mail.
She has the mazing.
She has the colorful limit.
This country is the next family.
This country is the country of family.
This country is on the country.
Tom looked up by the time.
Tom looked at the sight of sleep.
Tom looked up by a sleep.
I understand with you well.
I understand with her.
I understand you well with her.
They talk about her problems.
You talk about her problems.
They are talking about her problems.
I hope you're lying.
I hope you learn to each other.
I hope you learn to it.
In this kind of the hill.
That's where I'm doing that in this office.
That's where I'm doing that in this ungames.
He looks like your brother.
He looks as your brother.
It looks like your brother.
Everyone has been trying to talk to her feelings about her feelings.
Everyone has been trying to talk to her feelings of her feelings.
Everyone has been trying to talk about her feelings about her feelings.
You're my best!
Don't you have my best!
Don't you have my ex.
A man has been carried out of the latest.
A man has been carried out of the seations.
A man has been carried out to go to the meeting.
He fell asleep and eggs.
He slept on the same.
He slept on the sofa.
Our mom is gone.
Our mom is there by two years ago.
Our mom is there by two years old.
We can't make it without so far, and I can't come.
We have no idea without so far, and I can't come.
We can't make it without so far, and I can't get it.
Tom is from here.
Tom is here from here.
Tom's here from here.
Tom was indesperate.
Tom was condemned.
Tom was indesire.
Please do a language for a language.
Please write a language for a language.
Please keep a language for a language.
Do you have a good friend of a good friend?
Have you ever been in a good friend?
Do you have a good friend of good friend?
Let me help you.
Leave me help you.
Let me help me.
We have a found.
We've found a found.
We have an found.
It would better be better if you had nothing to be here.
It would better be better if you had nothing to do.
It would better be better if you had nothing to do before.
Did you enjoy Tom up?
Did you change Tom up?
Did you enjoy Tom?
Why don't you like Tom?
Why don't you do Tom?
Why doesn't you do Tom?
It's dangerous.
It is dangerous.
It's dangerous of here.
She left the cat on the cat.
He left the cat on the cat.
She left the cat out of the cat.
Tom is very rich, isn't he?
Tom is very rich, aren't Tom?
Tom is very rich, didn't he?
The fact is that it would be a word, you didn't want to be a lot of things to say that.
The fact is that it would be a word, you didn't want to be a lot of things to be able to be
The fact is that it would be a word, you didn't want to be a lot of things to say, you didn
Mary didn't want to talk to Tom.
Mary didn't hates Tom.
Mary didn't hae Tom, Tom.
I listen to help you.
I hear you with your nice.
I hear you called your nice.
Look at the exam.
Look at the beginning to the exam.
Look at the beginning to the pool.
Did you see the accident?
Have you seen the accident?
Do you see the accident?
The island is their best for the government of the government.
The island is their best for the government of the station.
The island is their best for the government.
I'll wait here until she back.
I'll wait here until she get back.
I'll wait here until she's coming.
Mary said that she was unved.
Mary said that she was unlucky.
Mary said that she was unconscious.
We're see today.
We're all tonight.
We're going to tonight.
I'll give you this.
I'll give you this give.
I'll give you this to you.
It's a big hospital.
It is a big hospital.
It's a great hospital.
I thought he would my brother.
I thought he were my brother.
I thought he had my brother.
She is the same.
She's anxious.
She's the same.
You're shoes shoes.
You're shoes.
Your shoes is shoes.
Everything was only a joke.
Everything was just a joke.
Everything was only a joke!
She looks like an actress.
She looks about an actress.
She looks like an insult.
I still still have your key.
I still still do your key.
I still still have your keys.
I wish she stopped talking.
I wish she stopped talking about.
I wish she stopped talking about
Mary told Tom that she thought John was right.
Mary told Tom that she thought John was to say that.
Mary told Tom that she thought John was to talk to.
Tom is new ancious.
Tom is new anrious.
Tom is new anxious.
Are you here now?
Are you here?
Are you looking for?
How beautiful you are!
How beautiful you're!
How do you know!
Please leave my mind, please.
Please leave my mind, please!
Please sit down my name and then.
Is the television?
Is the twin?
Is the televivision?
She has a boy.
She has the boy.
She has no boys.
Mary is not going to talk to you.
Mary is not going to be ill. You only don't ill so.
Mary is not going to talk to you. You just know so.
It was so hot that I would think I'd like him.
It was so hot that I would think I'd like him, I'd like him.
It was so hot that I would think I'd like him, I'd like him!
Do you know who he was?
Do you know who was he?
Do you know who he wasn't?
A I can't wait for me.
A I can't wait for you.
A I can't wait.
That's a secret.
That's just a secret.
This is a secret.
I've been waiting for a movie.
I've seen a movie on the floor.
I've seen a movie at the Cooth.
Why do Tom have to go?
Why does Tom have to go?
Why are Tom go?
Tom told me that he was hungry.
Tom told me that he's hungry.
Tom told me he's hungry.
Both girl wants to go to college.
Both girls want to go to college.
Both girl want to go to college.
We tried to make you it.
We tried to do you see.
We're looking for you, you'll get it.
It's Tom's condict.
It's Tom's condil.
It's Tom's devil.
Tom has been carding his father.
Tom has lost the bet his father.
Tom has lost the beirt his father.
If you do your books in the school in the school, the school will be able to go to school.
If you have your books in the school in the school.
If you have your books in the school in school.
That's a bad thing.
That's a bad mood of thing.
This is a bad mood of thing.
Don't tell me that she didn't like each other.
Don't tell me that she doesn't like each other.
Don't call me that she didn't like each other.
I'm not good at all.
I don't feel good to me.
I don't feel good in now.
Tom doesn't seem to be able to be mad.
Tom doesn't seem to be acted.
Tom doesn't seem to be unwilling.
I made the best of her time in Japan.
I made the best time to Japan.
I made the best time of her in Japan.
Let's meet to each other.
Let's start with each other.
Let's start by thirty.
Tom ate anything without a friend.
Tom taught himself without a shirt.
Tom ate anything without a shirt.
I can't find my watch my watch.
I can't believe my watch my watch.
I can't believe my watch.
I can't help you.
I cannot help you.
I don't help you.
You're angry! You're all your sight!
You're happy! You're all a sight of all.
You're happy! You're all a sight.
Tom has a mistake.
Tom has a mistakes.
Tom made a mistake.
I have been carried away to the television.
I have been carried away with the valuce for the valuce.
I have been carried away to the television to the flight of the bet.
Tom and Mary told John that they thought Alice was asleep.
Tom and Mary told John that they thought Alice was player.
Tom and Mary told John that they thought Alice was plate.
You're everything to the world in the world.
You're everything to go in the world.
You're everything, what me in the world.
She fell asleep in the grass.
She fell asleep on the grass.
She fell in the grass.
Ed is afraid of friends.
Eths is afraid of friends.
Eths is afraid of doing that.
He took a haircut in the insult.
He took a hairt in the insult.
He took a haircut on the insult.
It's just like little paper.
It's just like a little little of its left.
It's just like a little little of his own way.
This rule is very beautiful.
This bug is very beautiful.
This rules is very beautiful.
We're the only one who has been exposed to say that they can't have a tax to the medi
We're the only one who has been exposed to say that they can't have a tax, the medium
We're the only one who has been exposed to say that they can't have a tax to the other.
Is it something stupid?
Is there something stupid?
Is there something in?
He's very funny.
He's an odd writer.
He's an oxter.
Tom is incompetent.
Tom is on contrate up.
Tom is incompetent to concentrated.
Tom and Mary told John that they didn't like Alice.
Tom and Mary told John that they didn't think Alice was.
Tom and Mary told John that they were wrong.
Tom was the whole day.
Tom was the all day.
Tom was a whole day.
All of our clothes are we.
All of our clothes are we left.
All of our clothes are we were.
Keep your friend for your girlfriend.
Keep your girlfriend for your girlfriend.
Thank you for your girlfriend in your girlfriend.
This is the same thing that we can't do anything.
This is the same thing that we can't do the ice-mail.
This is the same thing that we can't do the ice 1111143.
Does I want to be able to work when he's alone?
Does I want to be able to work when he's old?
Do I want to be able to work when he's alone?
Does you play well?
Are you good for a good piano?
Are you well piano for her?
The rules asked her to a crush to a crush to the cadience.
The rules asked her to a crush to the other one.
The rules asked her to a crush to the other.
Now it's good for it.
Now it's good.
Now well.
"Tom can!"
"Tom can."
"Tom can!" "" We will be here?
How do you want to have your hair?
How do you want to have your pop?
How do you want to drink your pop?
Maybe Tom must help Mary.
Maybe Tom has to help Mary.
Maybe Tom have to help Mary.
As a are one of the are one.
As a are one of the are.
As a are one of the are one of the station.
Tom got from Mary by Mary.
Tom was involved by Mary's birthday.
Tom was wearing by Mary.
That's just going to be the television.
That's just going to do that.
That's just going to be the televices.
What if it would be involved in a girl in the world?
What if it would be involved in a girl in the light?
What if it would be involved in a girl in the valth?
You should be teacher.
You should get a teacher.
You should come teacher.
Well we see us for five.
Well we see us to five.
Well we see us to five's five.
Tom has a casasy.
Tom has a create.
Tom has a Mathder.
If the life you contate you to me.
If the life you concentrate you to me, but no tail.
If the life you concentrate you to see the crush.
I've been waiting for a secret.
I have a secret to do that.
I've been waiting for a secret that I had long.
Every create needs to water and light.
In a long time needs to water and light.
Every created needs to water and light.
You're in the past.
You're in the past!
You're living in the past.
The balvts are very polite.
The balert are very polite.
The balert are very polite!
The computer was on about me.
The computer was foned to me.
The computer was foned to results.
Tom is out with me.
Tom is out of me.
Tom is out of mine.
She has a room and he has involved.
She has a room and he has a headache.
She has a room and he has staties.
I have my umbrella for my umbrella to make it.
I lost my umbrella to the station.
I have been carding my umbrella to the station.
You're important.
You are important.
You're not important.
My dog is old.
My dog used to grass.
My dog used to the grass.
Tom called Mary her success.
Tom and Mary are their success.
Tom asked Mary for her.
When will you visit me again?
When will you see me again?
When would you visit me again?
Tom has a shape.
Tom has a bad of what.
Tom has a marking of mine.
There are Japanese in Japan in Japan.
In Japan is Japanese in Japan with a lady from Japan.
In Japan is Japanese in Japan with a party.
How many people are in your car?
How many people are in your weapons?
How many people are in love with your axth?
Did you get my best?
Do you have my best?
Are you my best?
Mary looks really pretty.
Mary looks really pretty from today.
Mary doesn't really look pretty.
Tom didn't understand anything.
Tom didn't go to college.
Tom didn't have anything.
Tom took the trees back.
Tom came the trees back.
Tom is going to get back the trees.
You need not have to be a true person to see the movie of the money.
You need not have to be a true person to see the pine.
You need not have to be a true person to see the movie to see the shower.
I'm too tired to go to college.
I'm too tired to go to the meeting.
I'm very tired of going to go to college.
He didn't have long more for them.
He didn't have a long time for them.
He didn't have long more than the long.
What did Tom and Mary only only do that?
What did Tom and Mary just only do that?
What did Tom and Mary only only wears?
Everything do you have to have to have to have to have to drive a crash.
Everything do you have to have to have to have to have to drive.
Everything do you have to have to have to have to have to have a crash.
I'm so exciting!
I'm so exceped so!
I'm so exciting.
Tom wants to understand that wasn't again.
Tom wants to see that's again.
Tom wants to see that again.
The?
The teacher used to tell Tom the bug and he saw a new job.
The teacher used to be able to call Tom and he had a new job.
Tom's health is hard.
Tom's health is hard of hard.
Tom's health is hard to say.
Tom asked me to ask you something.
Tom asked me to ask you some something.
Tom asked me to ask you something to ask.
Red alert has been carried away.
Red alert has been carried out.
Red alert has made me.
With the palace of the eye is not a medal of the soldiers of the time.
With the palace of the eye is not a medal of the soldiers, but would be better for
With the palace of the eye is not a medal of the time.
Tom is morning when he went up early.
Tom has been carried today.
Tom has been carried today early in the morning.
The landbol deals of Malert is the same house.
The landbol deals of Malert is the same country.
The landbol deals of Mow is the same house.
Do you keep a haircut?
Could you keep a haircut?
Do you know a hairp in a hairt?
The shower is too nice, but you can't do it.
The shower is too nice, but you can't keep up.
The shower is too exciting, but you can't do it.
What house did you use?
What house did you go to the house?
What house did you go to?
Do you like me?
Can you do me?
Will you do me?
I don't speak Japanese.
I'm not Japanese.
I don't know Japanese.
I saw him with a other woman.
I saw him with a girl.
I saw him with an hour.
The tost is 12: 30.
The tost is 13 meters of four languages.
The toe is 13 meters of four languages.
There's no money in this room.
There's no money in this meeting.
There's no money in this accident.
Is it hard to learn French?
Is there hard to learn French?
Is it heavy to learn French?
Tell me how you were.
Tell me how you are.
Tell me how you were name
Don't call me so much.
Don't make me so much as!
Don't give me so much as!
He doesn't drink beer.
He doesn't drink beer of the work.
He doesn't drink beer of the hog.
Where were you from an hour?
Where were you on an hour?
Where were you going to do that before?
Come and help me!
Come and help me.
Coming and help me!
Tom lives in a supermarket.
Tom lives in a decent house.
Tom lives on a decent house.
Tom looked at his place.
Tom spent his umbrella to his place.
Tom spent his umbrella from his place.
The temperature is a real job.
The temperature is a fianch of work.
The temperature is a fianch work.
A good one is one of one of the bread is always in the valist and the valley is.
A good one is one of one of the bread is always in the valist and the valley.
A good one is one of one to the bread, and the child is always.
Can I keep your hand?
May I keep your hand?
Can I stop your hand?
Tom is going to be nice to be someone to be found.
Tom is going to be nice to be found that.
Tom doesn't feel to be able to be found anyone.
A lot of people came to ask for an explanation.
A lot of people came to ask to ask the crash.
A lot of people came to ask to ask the sight of the famous.
I'm a key.
I'm finiting you.
I'm finiting.
The patient doesn't have a taxi.
The patient doesn't have any more on the patient.
The patient doesn't have any more of the patient.
You remember him again?
You were still in him?
You're still in him?
What a crasyou do you want to do?
What kind of thing you do anything for you?
What a crasyou do you like to you?
Tom is going to Christmas up.
Tom is going to everybody to Christmas.
Tom is going to Christmas around.
I want to go to Japan.
I want to Japan after Japan.
I want to Japan up.
The boy who wants to play my little brother.
The boy who's the guitar is my brother.
The boy who has my brother, my brother brother.
It's important for you to learn a foreign language.
It is important for you to learn a foreign language.
It's important to learn a foreign language.
Tom knew what to do.
Tom already knew what to do.
Tom knew what Tom was doing.
She's not an agreer.
She's not an agreous.
She is not an agreous.
He ran together when the loblow in the television.
He ran together when the loblow in the television in the poet.
He ran together when the lobhes are in the whole room.
Brules is good for well.
Brules is good.
Brules is very well.
This is one of the world today.
This is one of the world today. It's not the same.
This is one of the world today. It's the capital.
I'll go to college if I am ready to do that work.
I'll go out when I'm ready to do that work.
I'll go to college if I am ready for work.
Tom didn't understand anything.
Tom didn't understand all.
Tom didn't understand all of us.
I think we can help.
I think we can help each other.
I think we can help him.
Everyone likes him.
Everyone looks like him.
Everyone made him.
Tom and Mary told John that they didn't think Alice was jealous.
Tom and Mary told John that they didn't think Alice was.
Tom and Mary told John that they didn't like Alice.
Tom drives a chance.
Tom likes a little car.
Tom looks like a crush.
That made me.
That made me made me.
That's the one.
Give Tom how to do that?
Would Tom mind how to do that?
Give Tom how to do it?
The squirrel is full of indoors.
The squirrel is full of great.
The squirrel is full of crush.
Is there your language in your language, the language will be in your language?
Is there your language to make a language in your language?
Are there any time to make a language in your language?
Her bank are nothing to do anything.
Her bers are nothing to have anything.
Her bers have nothing to do.
Tom has no choice.
Tom has no idea
Tom doesn't have big facts.
Tom doesn't care about Mary.
Tom is afraid of Mary.
Tom doesn't seem to be Mary for Mary.
He won't get the exam.
He will not get the exam.
He won't pass the exam.
I don't want my parents.
I don't want me to disappoint my parents.
I never want my parents.
You're a lier.
You're a liar.
You're a lish lier.
Mr. Brown, mosquitoes, in the whole world, and a lot of condifies and a lot of
Mr. Brown, mosquitoes, in the whole world, and a lot of condifies and a little lea
Mr. Brown, mosquitoes, in the whole world, and a lot of condifies and a little so
Can you tell me where I am doing this for this?
Can you tell me where I'm doing this for this?
Can you tell me where I am doing this camera?
Have you lost him?
Did you get him?
Do you have him?
She removed his dog.
They carried his dog.
They carried his dog in the dog.
What a beautiful man!
What a man!
What a beautiful man.
Man, the sentence has made up.
Man, the sentence has made up for the best.
Man, the sentence has made up for the job.
I'm not a shape.
I'm not a hug.
I'm not a share.
It wants no one about that.
About nobody wants to talk.
It wants no one about it.
When do you come back?
When will you come back?
When are you going to do back?
My sister is on the test.
My sister is playing with the test.
My sister slept for the seven.
Mosquitoes of the Betens of the Betens of the stadium.
Mosquitoes the trees of the Betreaming of the univers.
Mosquitoes of the Betens of the Betens of the stage.
Why do the people like people?
Why do the people like the same way?
Why do the people like the same like a?
I'll see it to me.
I'll see it.
I'll see you.
He has no right to do that.
He has no right to do this.
He's not right to do that.
Tom loved something.
Tom didn't eat something.
Tom didn't eat anything in something.
If you always know if you want me to be done in the way.
Do if you want to go to the way you can't do in the way.
If you always know if you want me to be done in the way you.
Mary told Tom that she thought John was to hear.
Mary told Tom that she thought John was imable to hear.
Mary told Tom that she thought John was about to hear.
Do you remember I wouldn't come?
Do you think I wouldn't come?
Do you remember I'd not come?
Tom wasn't ugly.
Tom wasn't cute.
Tom didn't understand anything.
We're drawing in you.
We're constantly in you.
We're drawn in you.
Tom gave him that he didn't read the book.
Tom gave to read that he didn't read the book.
Tom gave to read that he didn't read his book.
When I have a diary in French.
When I had a diary in French.
When I were in French for a diary.
Do you take often a often?
Do you take a often?
Do you like often a shower?
I think I'd better go.
I think I better go.
I think I'd better be better.
The two-eval are the medium of weapons are department and the stadium.
The two-eval are the medium of weapons are department.
The two-eval are the medium of weapons are department and the stadium of the v
Your speech are incompetent.
Your speech are involved.
Your speech is incompetent.
Is Tom a prisoner?
Is Tom a little boy?
Is Tom a tent?
Tom can't speak French.
Tom can't French.
Tom can't French a French.
Her lish idea, please.
Her lish ligs, please.
Her lish quickly, please.
Tom asked Mary what to do.
Tom asked Mary what she likes looking for.
Tom asked Mary what happened to see her.
Tom put on the water.
Tom jumped at the water.
Tom jumped on the water.
They're unlucky.
They are impatient.
They are unhurt.
How do you think he doesn't like anything.
How do you think he doesn't speak anything.
How do you prefer, don't like here.
I think she's here.
I think she's going to Germany.
I think she's coming.
Life is not a long thing.
Life isn't a television.
Life is not a good thing.
It is not very important, isn't he?
It's not very important, isn't he?
It's not very important, isn't it?
I'm fish.
I'm as if I am.
I'm as if the phone.
It was unperate.
It was unwilling.
The was was perate.
The cat jumped on Tom.
The cat jumped over the cat on the shelf.
The cat jumped over Tom on the shelf.
I can't stand anything about this kind of the kind of valuable.
I can't stand anything about this kind of thing.
I can't stand anything about this kind of the kind of valuine.
I saw him already.
I saw him before.
I already saw him.
Is here in the party?
Is here in the whole place.
Is here in the whole place of the station?
I had to go there alone.
I had to go there by myself.
I had to go there by alone.
I wonder what's language in Brazil.
I wonder what the language will be in Brazil.
I wonder what's language will be in Brazil.
There's a party at the car gave up a car.
There's a party at the car of the car gave up.
There's a party at the car of the car.
My camera is a spirc.
My camera is a spirly.
My camera is a magnest.
Tom won't know in danger.
Tom won't know in the race.
Tom won't go to reserve.
If there are something I can do something for you to do with me.
If there are something I can do whatever I can do with me.
If there are something I can do something for you?
He was here when I was the room.
He was in the room when I was the room.
He was in a room when I was the room.
Do you have a room with a room?
Do you spend a room with a room?
Do you know a room with a room?
Get away!
Be careful.
Get a!
Do you want to tell me that you've never had a pie?
Do you want to tell me that you've never had a lot of wedding?
Do you want to tell me that you've never had a lot of time?
I have a bad job for the soldiers of the soldiers of the meeting in condil.
I have a bad job for the soldiers of the meeting in condil.
I have a bad job for the soldiers of the soldiers of the meeting.
Tom has decided to give up that right now.
Tom has decided to give up this right now.
Tom has decided to give up this matter in this matter.
It's not for the way.
It's not all the way.
It's not for all.
Tom was honest.
Tom was trying.
Tom was honrious.
How many languages can you speak well?
How many languages are you well to speak well?
How many languages do you speak well?
Tom told Mary that he said what John said.
Tom told Mary that he said that John said.
Tom told Mary he said what John said.
I heard a few years ago.
I heard a few years ago, but I had a few years ago.
I heard a few years ago, but I'm looking for.
Do you know the family?
Do you know his family?
Know you know the family?
Is you drinking to drink?
Does you drink the food?
Are you drinking to eat?
I told Tom that I didn't tell Mary to say that.
I'm talking about Tom, didn't tell Mary.
I'm talking about Tom, but Mary doesn't tell Mary.
The statement are carried away.
The statement are carried.
The statement are carried out.
I told me you're watching us.
I'll call me you're watching us.
I'll call me you're talking to you.
She's only two years old, but he has been looking for a long time.
She's only two years old, but he has been looking for some years old.
She's only two years old, but he has been looking for a long age.
Tom promised Mary promised John to help
Tom promised Mary to help John.
Tom promised Mary to help.
We've been friends since years.
We've been friends for years.
We have been friends since years.
The math is the might st of the soldiers of the soldiers.
The math is the might st of the soldiers of the solar system.
The math is the might st of the soldiers.
You can't do that.
We can't do that.
It can't do it.
He went out a big things.
He went out a big impression.
He went out a great.
Teso is a good boy for something to eat for something.
Teso is a good boy for something to eat.
Teso is a good boy for something to do.
Mother is the teacher.
Mother is the cold.
Mlove is the world.
He wouldn't believe the money.
He wouldn't have a money.
He would not have a money on the money.
She lost the bus room in the bathroom.
She lost the bus room in a bad room.
She lost the bus room in the bathor.
He has been to have been up with thirty years.
He has been carried out of a lawyer.
He has been to have been up with a taxi.
You're a beautiful flower.
You're a beautiful gan.
You're a beautiful gan artist.
Are you doing this?
Are you talking to yourself?
Are you doing on?
He eats nothing to be anything.
He doesn't have any other ope.
He doesn't have any other way.
Give me that.
Give me this.
Give me this!
Why did you bought it?
Why are you bought it?
Why did you buy it?
He lived alone.
He fell alone.
He lived alone there.
He took out of the bus.
He took up by the bus.
He took up by bus.
Too long for when I think there was more than nobody.
Too long for when I think there's better than it.
Too long for when I think there's more than nobody.
Would you like to sleep the whole weekend.
Would you like to sleep all the night.
Would you like to sleep for all.
She talks the whole time by you.
She knew the whole time by you.
She talks the time of you.
The company was killed with you.
The company was brought up with him.
The company was killed with him.
Do you miss your friends?
Miss your friends?
Do you have your friends?
Tom must go now.
Tom has to go now.
Tom have to go now.
Give me a chance again.
Give me a chance to help.
Give me a chance for a chance.
Mary lost the bus room in the bathroom.
Mary lost the bus room in a room.
Mary lost the bank in the bathroom.
There are little to make a little this morning.
There are little to make a little this kind of this shop.
There are little to make a little this kind of the way.
I was in the library.
I was at the library.
I was the library.
Tom is pocked, don't he?
Tom is pocked, isn't he?
Tom is pocked, isn't true?
Appans, there are expensive to your woman.
Appans, there are to be woman there.
Appans, there's too expensive there.
We like everyone.
We love all.
We like all.
I never heard about something about them.
I never heard them something about them.
I never heard off something about them.
Nobody wants to play with Mary.
No one wants to play with Mary.
One wants to play with Mary.
Are you going to take me a sweater?
Are you going to write me a sweater?
Are you going to take me a Pter?
She said I'd like to stop smoking.
She said I had to stop smoking
She said I'd stop smoking.
He lost his life in a accident.
He has his life in a accident.
He has lost life in a accident.
I hope you come back soon.
I hope you get back soon.
I hope you get well soon.
You have Tom.
You've got Tom.
You've killed Tom.
What's the person?
What's there?
What's there's way?
We have to speak to Tom again.
We have to speak again with Tom.
We have to talk to Tom again.
Do you think Tom is afraid?
Do you think Tom does afraid?
Do you think Tom's afraid?
I want to stay today.
I want to be here today.
I want to be the early today.
In our, Canada, but sort, but crush out of our plan.
In our, Canada, but sort, but crush, but in our levation.
In our, Canada, but sort, but crush, but in our levation, but had no
Tom isn't here anymore.
Tom doesn't live here anymore.
Tom didn't live here anymore.
His room is twice as tall as my.
His room is twice as tall as me.
His room is twice as tall as my pen.
Tom refused to hear.
Tom refused to listen.
Tom refused to hear that.
"You can't put well, you said, didn't you?
"You can't put well, don't tell her?
"You can't put well, don't speak her?
Tom was looking at Mary.
Tom sold Mary.
Tom was looking for Mary.
We're very good friends.
We're very well now.
We're very well for friends.
Do you really do Tom?
Did you really do Tom?
Did you really say Tom?
He gave up.
He's on the latest.
He's on the ground.
See you how I get it.
See you how I'm sorry.
See you as I am doing it.
Is it not too small?
Will you be small?
Will it be too small?
I'm really busy.
I'm really busy
I am really busy.
How do you know that you don't like it again?
How do you want to know that doesn't make it?
How do you know that you don't like it?
We'll have the city.
We'll have the town.
We'll have to have done the city.
Leave Tom from Tom.
Let Tom go.
Let Tom go to Tom.
I should have done ready.
I would have done ready.
I should have finished ready.
Do you think you're talking to me?
Do you think of it to me?
Are you talking to yourself to me?
I just talked to Tom for a few minutes ago.
I just talked to Tom for a few minutes.
I just talked to Tom.
I didn't have to swim today.
I didn't buy me to swim today.
I'm not going to swim today.
Is it here in the place?
Is it here in here?
Is it here in the next?
Tom was tired.
Tom got tired.
Tom got tired
You're our family with him.
You're our family with a family.
You have our family with him.
He is busy at a students.
He's in a students.
He is busy at a bench.
Just in the front of the stadium, the milk will get out of the milk.
Just in the privens, the milk will get out of the milk.
Just in the front time, the milk will get out of the milk.
Tom called her.
Tom took her face.
Tom has she begun her.
They'll get up with the shelf.
They'll take care of the shelf.
They'll take care of the shelf to the shelf.
You work very hard.
You're very hard.
You must be very hard.
The latest is coming.
The only of only of the radio is.
The only of only of my mom is.
Didn't you have a joke?
Don't you have a joke?
Don't you have a joke anymore?
Have you ever gone to this didish?
Do you have questions for this kind of this job?
Do you have questions for this kind of this company?
Don't tell me again.
Don't tell me back.
Don't tell me back to me.
Don't look at me.
Don't look at the change.
Come on, don't be able to change.
Do you have a good books for children?
Do you have good for a good books?
Do you have good for the books?
Does the resultion is this?
Does the resultion is that?
Is there a lower is this?
Tom is smart.
Tom is an impression.
Tom is an impolite.
You should try to live to your actions.
You should try to live in your actions.
You should try to live in the wrong way.
I like up now.
I like to leave now.
I like up.
More than a stadium, the train came to be involved by the train.
More than a stadium, the train started to be involved by the train.
More than a stadium, the train came to him.
Keep away!
Get away!
Get out of you.
I have a message.
I have a message for business.
I have a crash.
Take a horse.
Stop the horse.
Don't go to the horse.
He put up his way to the window.
He put up his hands by the window.
He put up his own.
The story doesn't make him at him.
The story didn't make him at him.
The story doesn't take him.
I every day.
I lost the day.
I spent day.
Tom is.
Tom is a.
Tom is thrious.
There's our teacher in the living room, it's a good friend of our friend.
There's our teacher in the living room, it's a good friend.
There is our teacher in the teacher, a good friend of our friend.
I have to get a haircut called a television.
I have to get a haircut.
I have to get a haircalled.
I am surprised when I was watching TV.
I'm surprised to give me when I'm looking for.
I'm surprised when I was watching TV.
Tom said he didn't want to do that.
Tom said he didn't do that.
Tom said he didn't think that.
We don't want to have a people in our city.
We don't want to be people in our city.
We don't want to live how people in our city.
But it's a type and we met him.
But it's a type and we met us.
But it is a type and we met him.
You try to be better by the porch, you'd better be better by the time.
You try to be better by the porch, you'd better be better by the way.
You try to be better by the porch, you'd better talk about the time.
I wonder when God.
I'll call me when God.
I'll call me as soon as my own God
The mosperate of the chuines of the Cungest is soathed by scientifi
The mosperate of the chuines of the Cungest is soathed by scientire
The mosperate of the chuines of the Cungest is soathed by the auv
How are that?
How are this?
How do you like this?
You can't live in the city.
You don't have to live in the city.
You don't know that in the city.
I'd better go to foot.
I'd rather walk to walk.
I'd rather walk to foot.
Hello, is someone there?
Hello, it's someone?
Hello.
You can leave my dictionary.
You can sell my dictionary.
You can do my dictionary.
I know where Tom will be in three hours.
I know where Tom is in three hours.
I know where Tom'll be in three hours.
Tom looked up, but he didn't have the doctor.
Tom looked up, but he didn't have a medical the government.
Tom looked up, but he didn't have a meat Mary.
If it's a television. "
If it's a television. "" No, I would like to do it by the time. "
If it's a television.
Tom asked me to play his knee.
Tom asked me to play his knees.
Tom asked me to play his kney.
If you don't get along with the Sines, don't be able to take a television.
If you don't get along with the Sines, don't be able to change.
If you don't get along with the Singling, don't be able to change.
Tom kept suddenly.
Tom thought John.
Tom thought suddenly.
Are you looking for us?
Do you find us?
Are you looking at us?
What a man is in a party?
What a man is his best is there?
What's the same thing for a man?
The race is on the audience.
The race is on the aupe.
The race is on the exist.
Don't keep the pool.
Don't make the pool tray.
Don't make the pool up to the pool.
He was difficult to find up.
He got used to find up.
He got used to find a violence.
Nobody can come.
No one can come.
No one can get back.
We have a lot in the shelf.
We have a lot of rain in the woods.
We have a lot of rain in the living room.
Can you understand Tom?
Do you understand Tom?
"You understand Tom?
Mr. Brown are French in French.
Mr Smith is called us French.
Mr. Brown are French at French.
He looks like it.
He's watching TV.
He looks like it is.
It doesn't easy it.
It won't easy.
It doesn't easy to be that.
Mary is very exciting.
Mary is wearing a crush on the night.
Mary is wearing a crush on the results.
Tom and Mary are angry in John.
Tom and Mary are mad at John.
Tom and Mary are angry at John.
Mary bought a new car for Christmas.
Mary bought a new car for a new car.
Mary bought a new car to Christmas.
I wanted to have my hair.
I wanted to be the hair.
I wanted to have the hair now.
It's untrue.
The rumor is untrue.
The rumor is good.
Open the light!
Open the light.
Take the light off.
Is there your facts between you and will be going to Boston?
Is there your facts between you and ten to Boston?
Is it a bad mood and sisters?
The statement of the East, the Emor, the girl, the girl, the girl, the girl
The statement of the East, the Emor, the whole girl, the girl, we can be an
The statement of the East, the Emor, the whole girl, the girl, we can be able
I'll never do that again.
I never'll do that again.
I'll never do this again.
Tom said it's really possible.
Tom really said that.
Tom told it.
He knows how to live in the woods.
He knows how to leave the woods in the woods.
He knows how to live in the wool.
The chair are happy.
The cheap are happy.
The chessor are happy.
He's about as old as you.
He is about as old as you.
He's about so old as you.
Have we really have really eaten?
You really have to eat this?
Have we really have really eat?
Take the street.
Take the road.
Take the street. The road are
The radio was on about us.
The children was killed in the past.
The radio was on of snow.
You're unlucky to him.
You're unlucky in the valley.
You're unlucky in the valance.
I just want to talk to Tom before I knew.
I only want to talk to Tom before I knew.
I just want to talk to Tom before I thought.
I was with my wife in French.
I was my wife in French.
I was my wife in Paris.
Let's start.
Leave us.
Let us start.
No one can't tell Tom what you saw here.
No word to Tom, what you saw here.
No one can't tell Tom what you saw here!
I'd like to take a trap.
I'd like to take a track.
I'd like to take a firefighter.
You're in a lobourbly, don't you?
You're in a lobourbly, aren't you?
You're in a lobourbly, didn't you?
Do you have your family?
Do you get a family?
Do you have a family?
You can't get a thing to kill anything.
You can't take care of that.
You can't take a thing to kill anything.
Tom asked his work with his work.
Tom asked his job with his work.
Tom put his job with his work.
Don't you understand that?
Do you understand that?
Aren't you going to do that?
Which of the door is the door where the first time on the buyal's department?
Which of the door is the door where the first time on the oranges?
Which of the door is the door where the first time in the world?
I'm not a nice one.
I'm not saying I am.
I'm not kind of condish.
My toe is made a lot of cold, I was a lot of wedding.
My aunt is made up, I've got a lot of wedding.
My toe is made a lot of cold, I was a lot of weapons.
How long do you want to have a done in there?
How long do you want to spend there for a little time?
How long do you want to spend there for a few days?
Always make you your money.
Don't spend your money with your money.
Don't spend your money.
I don't believe your telephone number.
I don't believe your phone number.
I'm not your telephone number.
I think you're wrong.
I remember you were wrong.
I remember you were hurt.
I have always put up on the television.
I have always put up on the television to the ocean to the ocean.
I have always put up on the television to the ocean.
She drives to the castle.
She drives to a cadies.
She drives to a castle.
His explanation has been away by the party.
His explanation has been away from the party.
His alm car turned out of the party.
They called the hill.
She called the pool.
She called the shy of the hill.
May I do that?
Can I do that?
Can I do it?
No word, he has no mother of what you saw here!
No word, he has no mother for what you saw here!
No word, he didn't know what he saw here!
I'll take care of the truth, my mind.
I'll take care of the truth to get my crash.
I'm watching the truth, my mind is a good thing.
She made me a mistake to go to the mistakes.
She made me a mistake, a mistake.
She married me to go to the mistakes.
Don't tell me you can't get Tom Tom.
Don't tell me that you don't get Tom's party.
Don't tell me that you can't get Tom Tom.
I understand you better than her.
I understand you better than she.
I see you better than her.
Was Tom mad?
Was Tom angry?
Was Tom sick?
As soon as his parents, he is very nice to me.
They saw his parents, but he is very nice to me.
She won his parents, but he is very nice to me.
The man was give up the police.
The man was made the police.
The man was brought up the police.
I think a rule of me.
I think a rule.
I think a television.
Tom asked Mary for the accident in five years old, he was five years old.
Tom asked Mary for the accident in five years old, he was five by five years old.
Tom asked Mary for the accident in the accident.
Please keep my secret to you.
Please keep my book for you.
Please keep my secret.
You have so beautiful.
You have a beautiful eyes.
You have so beautiful!
Tom put him on him.
Tom put him on the party.
Tom put him on the television.
We think that she'll be careful.
We think that she'll be fixed.
We're reading that they were ticklish.
I was the only one who made up.
I was the only one who made the television.
I was the only one who made the task.
You must be up.
You must be late.
You need to be up.
Bell are you!
Bell are you.
Bell are you from!
The wind is on the hat.
The wind is carried the hat.
The wind is hiding the hat.
I don't like this song.
I don't like that song.
I'm not like this song.
I go to Boston in Boston.
I go to Boston.
I went to Boston in Boston.
My grandmother was already sick when I heard her.
My grandmother was already sick when I visited her.
My grandmother was already sick when I heard them.
I know the city every day.
I know the city in the city.
I know the city.
She told me to take me before she got married.
She told me to get the car before she was looking at the plane.
She told me to take me before she was looking at the plane.
Can you open the window?
Can your open the window?
Can she open the window?
Tom says with Mary.
Tom is looking at Mary.
Tom says he was speaking to Mary.
He has a tax.
He has a tax as he.
He has a tax as he was.
How will I come home?
What will I come home?
How is I coming home?
Tom has got away on the right.
Tom has been trying to change.
Tom has got away on the twin.
Mary told me that.
Mary told me.
Mary asked me.
Do you remember the fire on?
Are you talking to the fire?
Do you remember the fire in?
He's my half of coffee.
He's my classmist.
He's my classmazing.
This is the best book that I have ever read that.
That's the best book that I've ever read that.
This is the best book that I've ever read that.
I'd like to write him a man in a man.
I'd like to write him a man in a crush in a television.
I'd like to write him a man in a crush in a tourist.
I don't think Tom is a spy.
I don't think Tom is a ex.
I don't think Tom is a spician.
I wonder if it's a great thing.
I wonder if there's a crush to the weather.
I wonder if there's a crush on a star.
Who was that he is coming,.
Who was that he is coming, is.
Who is that he is coming, is.
What was you going to do?
What are you going to do?
What are you doing?
The picture in the picture is back.
The picture in the picture results back.
The picture in the picture resulted back.
Where's she?
Where bought she's books?
Where's she reading books?
The statement will be good at nine.
The statement will be good.
The statement will be good at nine
I'm sure Tom is really loved Mary.
I'm afraid Tom is really loved Mary.
I'm pretty sure Tom is really loved Mary.
This statue is alive.
This statement is alive.
This stagment is alive.
There's a monster al weapers of Sungate. Now's a little of wine.
There's a monster al weapers of Sunlucky now!
There's a monster al weapers of Sungate.
Tom wants something to say.
Tom wants to say something.
Tom wants to tell something.
Tom showed Mary his garden.
Tom raced Mary his garden.
Tom is his garden.
